2012-09-17 23:39:30 Notice: Notice (8): Undefined index:  database in [CORE/cake/libs/model/datasources/datasource.php, line 235]
2012-09-17 23:40:07 Notice: Notice (8): Undefined index:  database in [CORE/cake/libs/model/datasources/datasource.php, line 235]
2012-09-17 23:40:07 Notice: Notice (8): Undefined index:  database in [CORE/cake/libs/model/datasources/datasource.php, line 235]
2012-09-17 23:40:09 Notice: Notice (8): Undefined index:  database in [CORE/cake/libs/model/datasources/datasource.php, line 235]
2012-09-17 23:43:08 Notice: Notice (8): Undefined index:  database in [CORE/cake/libs/model/datasources/datasource.php, line 235]
2012-09-17 23:43:10 Notice: Notice (8): Undefined index:  database in [CORE/cake/libs/model/datasources/datasource.php, line 235]
2012-09-17 23:43:15 Notice: Notice (8): Undefined index:  database in [CORE/cake/libs/model/datasources/datasource.php, line 235]
2012-09-17 23:43:16 Notice: Notice (8): Undefined index:  database in [CORE/cake/libs/model/datasources/datasource.php, line 235]
2012-09-17 23:43:37 Notice: Notice (8): Undefined variable: sitename_for_layout in [APP/views/layouts/default.ctp, line 4]
2012-09-17 23:43:37 Notice: Notice (8): Undefined variable: sitename_for_layout in [APP/views/layouts/default.ctp, line 8]
2012-09-17 23:43:37 Notice: Notice (8): Undefined variable: sitename_for_layout in [APP/views/layouts/default.ctp, line 32]
2012-09-17 23:44:09 Notice: Notice (8): Undefined variable: sitename_for_layout in [APP/views/layouts/default.ctp, line 4]
2012-09-17 23:44:09 Notice: Notice (8): Undefined variable: sitename_for_layout in [APP/views/layouts/default.ctp, line 8]
2012-09-17 23:44:09 Notice: Notice (8): Undefined variable: sitename_for_layout in [APP/views/layouts/default.ctp, line 32]
2012-09-17 23:44:44 Notice: Notice (8): Undefined variable: sitename_for_layout in [APP/views/layouts/default.ctp, line 4]
2012-09-17 23:44:44 Notice: Notice (8): Undefined variable: sitename_for_layout in [APP/views/layouts/default.ctp, line 8]
2012-09-17 23:44:44 Notice: Notice (8): Undefined variable: sitename_for_layout in [APP/views/layouts/default.ctp, line 32]
2012-09-17 23:45:49 Notice: Notice (8): Undefined variable: sitename_for_layout in [APP/views/layouts/default.ctp, line 4]
2012-09-17 23:45:49 Notice: Notice (8): Undefined variable: sitename_for_layout in [APP/views/layouts/default.ctp, line 8]
2012-09-17 23:45:49 Notice: Notice (8): Undefined variable: sitename_for_layout in [APP/views/layouts/default.ctp, line 32]
2012-09-17 23:45:51 Notice: Notice (8): Undefined variable: sitename_for_layout in [APP/views/layouts/default.ctp, line 4]
2012-09-17 23:45:51 Notice: Notice (8): Undefined variable: sitename_for_layout in [APP/views/layouts/default.ctp, line 8]
2012-09-17 23:45:51 Notice: Notice (8): Undefined variable: sitename_for_layout in [APP/views/layouts/default.ctp, line 32]
2012-09-17 23:45:52 Notice: Notice (8): Undefined variable: sitename_for_layout in [APP/views/layouts/default.ctp, line 4]
2012-09-17 23:45:52 Notice: Notice (8): Undefined variable: sitename_for_layout in [APP/views/layouts/default.ctp, line 8]
2012-09-17 23:45:52 Notice: Notice (8): Undefined variable: sitename_for_layout in [APP/views/layouts/default.ctp, line 32]
2012-09-17 23:45:52 Notice: Notice (8): Undefined variable: sitename_for_layout in [APP/views/layouts/default.ctp, line 4]
2012-09-17 23:45:52 Notice: Notice (8): Undefined variable: sitename_for_layout in [APP/views/layouts/default.ctp, line 8]
2012-09-17 23:45:52 Notice: Notice (8): Undefined variable: sitename_for_layout in [APP/views/layouts/default.ctp, line 32]
2012-09-17 23:46:40 Notice: Notice (8): Undefined variable: sitename_for_layout in [APP/views/layouts/default.ctp, line 4]
2012-09-17 23:46:40 Notice: Notice (8): Undefined variable: sitename_for_layout in [APP/views/layouts/default.ctp, line 8]
2012-09-17 23:46:40 Notice: Notice (8): Undefined variable: sitename_for_layout in [APP/views/layouts/default.ctp, line 32]
2012-09-17 23:46:59 Notice: Notice (8): Undefined variable: sitename_for_layout in [APP/views/layouts/default.ctp, line 4]
2012-09-17 23:46:59 Notice: Notice (8): Undefined variable: sitename_for_layout in [APP/views/layouts/default.ctp, line 8]
2012-09-17 23:46:59 Notice: Notice (8): Undefined variable: sitename_for_layout in [APP/views/layouts/default.ctp, line 32]
2012-09-17 23:51:06 Notice: Notice (8): Undefined variable: sitename_for_layout in [APP/views/layouts/default.ctp, line 4]
2012-09-17 23:51:06 Notice: Notice (8): Undefined variable: sitename_for_layout in [APP/views/layouts/default.ctp, line 8]
2012-09-17 23:51:06 Notice: Notice (8): Undefined variable: sitename_for_layout in [APP/views/layouts/default.ctp, line 32]
2012-09-17 23:52:02 Notice: Notice (8): Undefined variable: sitename_for_layout in [APP/views/layouts/default.ctp, line 4]
2012-09-17 23:52:02 Notice: Notice (8): Undefined variable: sitename_for_layout in [APP/views/layouts/default.ctp, line 8]
2012-09-17 23:52:02 Notice: Notice (8): Undefined variable: sitename_for_layout in [APP/views/layouts/default.ctp, line 32]
2012-09-17 23:55:45 Notice: Notice (8): Undefined variable: sitename_for_layout in [APP/views/layouts/default.ctp, line 4]
2012-09-17 23:55:45 Notice: Notice (8): Undefined variable: sitename_for_layout in [APP/views/layouts/default.ctp, line 8]
2012-09-17 23:55:45 Notice: Notice (8): Undefined variable: sitename_for_layout in [APP/views/layouts/default.ctp, line 32]
2012-09-17 23:55:48 Notice: Notice (8): Undefined variable: id in [APP/controllers/products_controller.php, line 20]
2012-09-17 23:55:52 Notice: Notice (8): Undefined variable: sitename_for_layout in [APP/views/layouts/default.ctp, line 4]
2012-09-17 23:55:52 Notice: Notice (8): Undefined variable: sitename_for_layout in [APP/views/layouts/default.ctp, line 8]
2012-09-17 23:55:52 Notice: Notice (8): Undefined variable: sitename_for_layout in [APP/views/layouts/default.ctp, line 32]
2012-09-17 23:55:55 Notice: Notice (8): Undefined variable: id in [APP/controllers/products_controller.php, line 20]
2012-09-27 22:44:47 Notice: Notice (8): Undefined property: InicioController::$Product in [APP/controllers/components/cart.php, line 14]
2012-09-27 22:47:03 Notice: Notice (8): Undefined index:  type in [APP/controllers/components/cart.php, line 34]
2012-09-27 22:47:11 Notice: Notice (8): Undefined index:  type in [APP/controllers/components/cart.php, line 34]
2012-09-27 22:47:12 Notice: Notice (8): Undefined index:  type in [APP/controllers/components/cart.php, line 34]
2012-09-27 22:47:49 Notice: Notice (8): Undefined index:  type in [APP/controllers/components/cart.php, line 34]
2012-09-27 22:47:54 Notice: Notice (8): Undefined index:  type in [APP/controllers/components/cart.php, line 34]
2012-09-27 22:47:56 Notice: Notice (8): Undefined index:  type in [APP/controllers/components/cart.php, line 34]
2012-09-27 23:51:58 Notice: Notice (8): Undefined index:  stock in [APP/controllers/components/cart.php, line 30]
2012-09-27 23:54:10 Notice: Notice (8): Undefined variable: id in [APP/controllers/components/cart.php, line 31]
2012-09-27 23:54:10 Notice: Notice (8): Undefined variable: items in [APP/views/products/checkout.ctp, line 6]
2012-09-28 00:09:11 Notice: Notice (8): Undefined variable: id in [APP/controllers/components/cart.php, line 31]
2012-09-28 00:09:11 Notice: Notice (8): Undefined variable: items in [APP/views/products/checkout.ctp, line 6]
2012-09-28 00:09:35 Notice: Notice (8): Undefined variable: out_of_stock in [APP/views/products/checkout.ctp, line 38]
2012-09-28 00:10:52 Notice: Notice (8): Undefined variable: out_of_stock in [APP/views/products/checkout.ctp, line 2]
2012-09-28 00:10:52 Notice: Notice (8): Undefined variable: out_of_stock in [APP/views/products/checkout.ctp, line 38]
2012-09-28 00:10:55 Notice: Notice (8): Undefined variable: items in [APP/views/products/checkout.ctp, line 6]
2012-09-28 00:10:59 Notice: Notice (8): Undefined variable: out_of_stock in [APP/views/products/checkout.ctp, line 2]
2012-09-28 00:10:59 Notice: Notice (8): Undefined variable: out_of_stock in [APP/views/products/checkout.ctp, line 38]
2012-09-28 00:11:19 Notice: Notice (8): Undefined variable: items in [APP/views/products/checkout.ctp, line 6]
2012-09-28 00:13:19 Notice: Notice (8): Undefined variable: out_of_stock in [APP/views/products/checkout.ctp, line 2]
2012-09-28 00:13:19 Notice: Notice (8): Undefined variable: out_of_stock in [APP/views/products/checkout.ctp, line 38]
2012-09-28 00:14:21 Notice: Notice (8): Undefined variable: out_of_stock in [APP/views/products/checkout.ctp, line 2]
2012-09-28 00:14:21 Notice: Notice (8): Undefined variable: out_of_stock in [APP/views/products/checkout.ctp, line 38]
2012-09-28 00:16:28 Notice: Notice (8): Undefined variable: out_of_stock in [APP/views/products/checkout.ctp, line 2]
2012-09-28 00:16:28 Notice: Notice (8): Undefined variable: out_of_stock in [APP/views/products/checkout.ctp, line 38]
2012-09-28 00:16:35 Notice: Notice (8): Undefined variable: out_of_stock in [APP/views/products/checkout.ctp, line 2]
2012-09-28 00:16:35 Notice: Notice (8): Undefined variable: out_of_stock in [APP/views/products/checkout.ctp, line 38]
2012-09-28 00:17:44 Notice: Notice (8): Undefined variable: out_of_stock in [APP/views/products/checkout.ctp, line 2]
2012-09-28 00:18:40 Notice: Notice (8): Undefined variable: out_of_stock in [APP/views/products/checkout.ctp, line 2]
2012-09-28 00:18:44 Notice: Notice (8): Undefined variable: out_of_stock in [APP/views/products/checkout.ctp, line 2]
2012-09-28 00:18:54 Notice: Notice (8): Undefined variable: out_of_stock in [APP/views/products/checkout.ctp, line 2]
2012-09-28 00:20:28 Notice: Notice (8): Undefined variable: out_of_stock in [APP/views/products/checkout.ctp, line 2]
2012-09-28 00:21:03 Notice: Notice (8): Undefined variable: out_of_stock in [APP/views/products/checkout.ctp, line 2]
2012-09-28 00:42:05 Notice: Notice (8): Undefined variable: is_out_of_stock in [APP/views/products/checkout.ctp, line 45]
2012-09-28 01:22:29 Notice: Notice (8): Undefined variable: amt in [APP/controllers/components/paypal.php, line 103]
2012-09-28 01:24:14 Notice: Notice (8): Undefined variable: amt in [APP/controllers/components/paypal.php, line 103]
2012-09-28 01:27:01 Notice: Notice (8): Undefined variable: amt in [APP/controllers/components/paypal.php, line 103]
2012-09-28 01:33:53 Notice: Notice (8): Undefined property: CakeErrorController::$Product in [APP/controllers/components/cart.php, line 15]
2012-09-28 01:33:53 Notice: Notice (8): Undefined variable: sitename_for_layout in [APP/views/layouts/default.ctp, line 4]
2012-09-28 01:33:53 Notice: Notice (8): Undefined variable: sitename_for_layout in [APP/views/layouts/default.ctp, line 8]
2012-09-28 01:33:53 Notice: Notice (8): Undefined variable: sitename_for_layout in [APP/views/layouts/default.ctp, line 32]
2012-09-28 01:37:47 Notice: Notice (8): Undefined index:  type in [APP/controllers/components/cart.php, line 73]
2012-09-28 01:37:49 Notice: Notice (8): Undefined index:  type in [APP/controllers/components/cart.php, line 73]
2012-09-28 01:38:57 Notice: Notice (8): Undefined property: CakeErrorController::$Product in [APP/controllers/components/cart.php, line 15]
2012-09-28 01:38:57 Notice: Notice (8): Undefined variable: sitename_for_layout in [APP/views/layouts/default.ctp, line 4]
2012-09-28 01:38:57 Notice: Notice (8): Undefined variable: sitename_for_layout in [APP/views/layouts/default.ctp, line 8]
2012-09-28 01:38:57 Notice: Notice (8): Undefined variable: sitename_for_layout in [APP/views/layouts/default.ctp, line 32]
2012-09-28 01:40:01 Notice: Notice (8): Undefined property: CakeErrorController::$Product in [APP/controllers/components/cart.php, line 15]
2012-09-28 01:40:01 Notice: Notice (8): Undefined variable: sitename_for_layout in [APP/views/layouts/default.ctp, line 4]
2012-09-28 01:40:01 Notice: Notice (8): Undefined variable: sitename_for_layout in [APP/views/layouts/default.ctp, line 8]
2012-09-28 01:40:01 Notice: Notice (8): Undefined variable: sitename_for_layout in [APP/views/layouts/default.ctp, line 32]
2012-09-28 01:41:16 Notice: Notice (8): Undefined property: CakeErrorController::$Product in [APP/controllers/components/cart.php, line 15]
2012-09-28 01:41:16 Notice: Notice (8): Undefined variable: sitename_for_layout in [APP/views/layouts/default.ctp, line 4]
2012-09-28 01:41:16 Notice: Notice (8): Undefined variable: sitename_for_layout in [APP/views/layouts/default.ctp, line 8]
2012-09-28 01:41:16 Notice: Notice (8): Undefined variable: sitename_for_layout in [APP/views/layouts/default.ctp, line 32]
2012-09-28 01:41:35 Notice: Notice (8): Undefined property: CakeErrorController::$Product in [APP/controllers/components/cart.php, line 15]
2012-09-28 01:41:35 Notice: Notice (8): Undefined variable: sitename_for_layout in [APP/views/layouts/default.ctp, line 4]
2012-09-28 01:41:35 Notice: Notice (8): Undefined variable: sitename_for_layout in [APP/views/layouts/default.ctp, line 8]
2012-09-28 01:41:35 Notice: Notice (8): Undefined variable: sitename_for_layout in [APP/views/layouts/default.ctp, line 32]
2012-09-28 01:42:18 Notice: Notice (8): Undefined index:  type in [APP/controllers/components/cart.php, line 74]
2012-09-28 01:42:20 Notice: Notice (8): Undefined index:  type in [APP/controllers/components/cart.php, line 74]
2012-09-28 01:42:21 Notice: Notice (8): Undefined index:  type in [APP/controllers/components/cart.php, line 74]
2012-09-28 01:42:22 Notice: Notice (8): Undefined index:  type in [APP/controllers/components/cart.php, line 74]
2012-09-28 02:38:59 Notice: Notice (8): Undefined property: InicioController::$Product in [APP/controllers/components/cart.php, line 15]
2012-09-28 23:13:23 Notice: Notice (8): Undefined property: CakeErrorController::$Product in [APP/controllers/components/cart.php, line 14]
2012-09-28 23:13:23 Notice: Notice (8): Undefined property: CakeErrorController::$Order in [APP/controllers/components/cart.php, line 15]
2012-09-28 23:13:23 Notice: Notice (8): Undefined variable: sitename_for_layout in [APP/views/layouts/default.ctp, line 4]
2012-09-28 23:13:23 Notice: Notice (8): Undefined variable: sitename_for_layout in [APP/views/layouts/default.ctp, line 8]
2012-09-28 23:13:23 Notice: Notice (8): Undefined variable: sitename_for_layout in [APP/views/layouts/default.ctp, line 32]
2012-09-28 23:13:45 Notice: Notice (8): Undefined property: CakeErrorController::$Product in [APP/controllers/components/cart.php, line 14]
2012-09-28 23:13:45 Notice: Notice (8): Undefined property: CakeErrorController::$Order in [APP/controllers/components/cart.php, line 15]
2012-09-28 23:13:45 Notice: Notice (8): Undefined variable: sitename_for_layout in [APP/views/layouts/default.ctp, line 4]
2012-09-28 23:13:45 Notice: Notice (8): Undefined variable: sitename_for_layout in [APP/views/layouts/default.ctp, line 8]
2012-09-28 23:13:45 Notice: Notice (8): Undefined variable: sitename_for_layout in [APP/views/layouts/default.ctp, line 32]
2012-09-28 23:13:55 Notice: Notice (8): Undefined property: InicioController::$Product in [APP/controllers/components/cart.php, line 14]
2012-09-28 23:13:55 Notice: Notice (8): Undefined property: InicioController::$Order in [APP/controllers/components/cart.php, line 15]
2012-09-28 23:14:48 Notice: Notice (8): Undefined property: CakeErrorController::$Product in [APP/controllers/components/cart.php, line 14]
2012-09-28 23:14:48 Notice: Notice (8): Undefined property: CakeErrorController::$Order in [APP/controllers/components/cart.php, line 15]
2012-09-28 23:14:48 Notice: Notice (8): Undefined variable: sitename_for_layout in [APP/views/layouts/default.ctp, line 4]
2012-09-28 23:14:48 Notice: Notice (8): Undefined variable: sitename_for_layout in [APP/views/layouts/default.ctp, line 8]
2012-09-28 23:14:48 Notice: Notice (8): Undefined variable: sitename_for_layout in [APP/views/layouts/default.ctp, line 32]
2012-09-28 23:14:55 Notice: Notice (8): Undefined property: CakeErrorController::$Product in [APP/controllers/components/cart.php, line 14]
2012-09-28 23:14:55 Notice: Notice (8): Undefined property: CakeErrorController::$Order in [APP/controllers/components/cart.php, line 15]
2012-09-28 23:14:55 Notice: Notice (8): Undefined variable: sitename_for_layout in [APP/views/layouts/default.ctp, line 4]
2012-09-28 23:14:55 Notice: Notice (8): Undefined variable: sitename_for_layout in [APP/views/layouts/default.ctp, line 8]
2012-09-28 23:14:55 Notice: Notice (8): Undefined variable: sitename_for_layout in [APP/views/layouts/default.ctp, line 32]
2012-09-29 00:49:24 Notice: Notice (8): Undefined index:  PAYMENTREQUEST_0_AMT in [APP/controllers/components/cart.php, line 178]
2012-09-29 00:49:24 Notice: Notice (8): Undefined index:  PAYMENTREQUEST_0_CURRENCYCODE in [APP/controllers/components/cart.php, line 179]
2012-09-29 00:49:24 Notice: Notice (8): Undefined index:  PAYERID in [APP/controllers/components/cart.php, line 181]
2012-09-29 00:49:24 Notice: Notice (8): Undefined index:  EMAIL in [APP/controllers/components/cart.php, line 182]
2012-09-29 00:49:24 Notice: Notice (8): Undefined index:  FIRSTNAME in [APP/controllers/components/cart.php, line 183]
2012-09-29 00:49:24 Notice: Notice (8): Undefined index:  LASTNAME in [APP/controllers/components/cart.php, line 184]
2012-09-29 02:17:48 Notice: Notice (8): Undefined index:  ACK in [APP/controllers/components/paypal.php, line 175]
2012-09-29 02:17:48 Notice: Notice (8): Undefined variable: request in [APP/controllers/components/cart.php, line 175]
2012-09-29 02:17:48 Notice: Notice (8): Undefined variable: request in [APP/controllers/components/cart.php, line 177]
2012-09-29 02:22:09 Notice: Notice (8): Undefined index:  ACK in [APP/controllers/components/paypal.php, line 175]
2012-09-29 02:22:09 Notice: Notice (8): Undefined index:  TOKEN in [APP/controllers/components/paypal.php, line 58]
2012-09-29 02:22:54 Notice: Notice (8): Undefined index:  ACK in [APP/controllers/components/paypal.php, line 175]
2012-09-29 02:22:54 Notice: Notice (8): Undefined index:  TOKEN in [APP/controllers/components/paypal.php, line 58]
2012-09-29 02:24:47 Notice: Notice (8): Undefined index:  ACK in [APP/controllers/components/paypal.php, line 175]
2012-09-29 02:24:47 Notice: Notice (8): Undefined index:  TOKEN in [APP/controllers/components/paypal.php, line 81]
2012-09-29 02:24:47 Notice: Notice (8): Undefined index:  PAYMENTREQUEST_0_AMT in [APP/controllers/components/paypal.php, line 83]
2012-09-29 02:24:47 Notice: Notice (8): Undefined index:  PAYMENTREQUEST_0_CURRENCYCODE in [APP/controllers/components/paypal.php, line 83]
2012-09-29 02:24:47 Notice: Notice (8): Undefined index:  PAYERID in [APP/controllers/components/paypal.php, line 84]
2012-09-29 02:27:58 Notice: Notice (8): Undefined index:  ACK in [APP/controllers/components/paypal.php, line 175]
2012-09-29 02:27:58 Notice: Notice (8): Undefined index:  TOKEN in [APP/controllers/components/paypal.php, line 58]
2012-09-29 02:28:54 Notice: Notice (8): Undefined index:  ACK in [APP/controllers/components/paypal.php, line 175]
2012-09-29 02:28:54 Notice: Notice (8): Undefined index:  PAYMENTINFO_0_AMT in [APP/controllers/components/cart.php, line 179]
2012-09-29 02:28:54 Notice: Notice (8): Undefined index:  PAYMENTINFO_0_CURRENCYCODE in [APP/controllers/components/cart.php, line 180]
2012-09-29 02:28:54 Notice: Notice (8): Undefined index:  CORRELATIONID in [APP/controllers/components/cart.php, line 181]
2012-09-29 02:31:32 Notice: Notice (8): Undefined index:  TOKEN in [APP/controllers/components/paypal.php, line 58]
2012-09-29 02:31:45 Notice: Notice (8): Undefined index:  TOKEN in [APP/controllers/components/paypal.php, line 58]
2012-09-30 13:26:03 Notice: Notice (8): Undefined property: InicioController::$Product in [APP/controllers/components/cart.php, line 14]
2012-09-30 13:26:03 Notice: Notice (8): Undefined property: InicioController::$Order in [APP/controllers/components/cart.php, line 15]
2012-09-30 13:32:59 Notice: Notice (8): Undefined offset:  1 in [APP/controllers/components/paypal.php, line 188]
2012-09-30 13:32:59 Notice: Notice (8): Undefined index:  TOKEN in [APP/controllers/components/paypal.php, line 58]
2012-09-30 13:34:31 Notice: Notice (8): Undefined property: InicioController::$Product in [APP/controllers/components/cart.php, line 14]
2012-09-30 13:34:31 Notice: Notice (8): Undefined property: InicioController::$Order in [APP/controllers/components/cart.php, line 15]
2012-10-01 01:59:09 Notice: Notice (8): Undefined variable: item_id in [APP/controllers/components/cart.php, line 182]
2012-10-01 02:45:00 Notice: Notice (8): Array to string conversion in [CORE/vendors/FirePHP/FirePHP.class.php, line 934]
2012-10-01 02:45:00 Notice: Notice (8): Array to string conversion in [CORE/vendors/FirePHP/FirePHP.class.php, line 934]
2012-10-01 03:54:46 Notice: Notice (8): Undefined property: UsersController::$Product in [APP/controllers/components/cart.php, line 14]
2012-10-01 03:54:46 Notice: Notice (8): Undefined property: UsersController::$Order in [APP/controllers/components/cart.php, line 15]
2012-10-01 03:55:02 Notice: Notice (8): Undefined property: ProductimgsController::$Order in [APP/controllers/components/cart.php, line 15]
2012-10-01 03:55:03 Notice: Notice (8): Undefined property: ProductimgsController::$Order in [APP/controllers/components/cart.php, line 15]
2012-10-01 03:55:04 Notice: Notice (8): Undefined property: ProductimgsController::$Order in [APP/controllers/components/cart.php, line 15]
2012-10-01 03:55:05 Notice: Notice (8): Undefined property: ProductimgsController::$Order in [APP/controllers/components/cart.php, line 15]
2012-10-01 03:55:06 Notice: Notice (8): Undefined property: ProductimgsController::$Order in [APP/controllers/components/cart.php, line 15]
2012-10-01 03:55:07 Notice: Notice (8): Undefined property: ProductimgsController::$Order in [APP/controllers/components/cart.php, line 15]
2012-10-01 03:55:08 Notice: Notice (8): Undefined property: ProductimgsController::$Order in [APP/controllers/components/cart.php, line 15]
2012-10-01 03:55:08 Notice: Notice (8): Undefined property: ProductimgsController::$Order in [APP/controllers/components/cart.php, line 15]
2012-10-01 03:55:09 Notice: Notice (8): Undefined property: ProductimgsController::$Order in [APP/controllers/components/cart.php, line 15]
2012-10-01 03:55:10 Notice: Notice (8): Undefined property: ProductimgsController::$Order in [APP/controllers/components/cart.php, line 15]
2012-10-01 03:55:11 Notice: Notice (8): Undefined property: ProductimgsController::$Order in [APP/controllers/components/cart.php, line 15]
2012-10-01 03:55:12 Notice: Notice (8): Undefined property: ProductimgsController::$Order in [APP/controllers/components/cart.php, line 15]
2012-10-01 03:55:13 Notice: Notice (8): Undefined property: ProductimgsController::$Order in [APP/controllers/components/cart.php, line 15]
2012-10-01 03:55:14 Notice: Notice (8): Undefined property: ProductimgsController::$Order in [APP/controllers/components/cart.php, line 15]
2012-10-01 03:55:15 Notice: Notice (8): Undefined property: ProductimgsController::$Order in [APP/controllers/components/cart.php, line 15]
2012-10-01 03:55:16 Notice: Notice (8): Undefined property: ProductimgsController::$Order in [APP/controllers/components/cart.php, line 15]
2012-10-01 03:57:13 Notice: Notice (8): Undefined property: ProductimgsController::$Order in [APP/controllers/components/cart.php, line 15]
2012-12-14 14:52:08 Notice: Notice (8): Undefined index:  type in [APP/controllers/components/cart.php, line 23]
2012-12-18 12:52:19 Notice: Notice (8): Undefined index:  email in [APP/controllers/components/cart.php, line 215]
2012-12-19 16:05:42 Notice: Notice (8): Undefined index:  type in [APP/controllers/components/cart.php, line 17]
2012-12-19 16:05:57 Notice: Notice (8): Undefined index:  type in [APP/controllers/components/cart.php, line 17]
2012-12-19 16:05:59 Notice: Notice (8): Undefined index:  type in [APP/controllers/components/cart.php, line 17]
2012-12-19 16:06:01 Notice: Notice (8): Undefined index:  type in [APP/controllers/components/cart.php, line 17]
2012-12-20 10:28:17 Notice: Notice (8): Undefined index:  type in [APP/controllers/components/cart.php, line 17]
2012-12-20 10:28:20 Notice: Notice (8): Undefined index:  type in [APP/controllers/components/cart.php, line 17]
2012-12-20 10:28:21 Notice: Notice (8): Undefined index:  type in [APP/controllers/components/cart.php, line 17]
2012-12-20 11:43:27 Notice: Notice (8): Undefined index:  type in [APP/controllers/components/cart.php, line 17]
2012-12-20 11:43:37 Notice: Notice (8): Undefined index:  type in [APP/controllers/components/cart.php, line 17]
2012-12-20 11:43:45 Notice: Notice (8): Undefined index:  type in [APP/controllers/components/cart.php, line 17]
2012-12-20 11:43:55 Notice: Notice (8): Undefined index:  type in [APP/controllers/components/cart.php, line 17]
2012-12-20 12:14:40 Notice: Notice (8): Undefined offset:  0 in [APP/controllers/components/cart.php, line 10]
2012-12-24 12:02:18 Notice: Notice (8): Undefined property: UsersController::$Order in [APP/controllers/components/cart.php, line 12]
2012-12-26 15:14:27 Notice: Notice (8): Undefined offset:  0 in [APP/controllers/components/cart.php, line 10]
2012-12-26 15:41:39 Notice: Notice (8): Undefined offset:  0 in [APP/controllers/components/cart.php, line 10]
2012-12-26 15:42:59 Notice: Notice (8): Undefined variable: sitename_for_layout in [APP/views/layouts/default.ctp, line 5]
2012-12-26 15:43:00 Notice: Notice (8): Undefined variable: sitename_for_layout in [APP/views/layouts/default.ctp, line 33]
2012-12-30 17:34:28 Notice: Notice (8): Undefined variable: step in [APP/views/elements/form_nav.ctp, line 5]
2012-12-30 17:47:51 Notice: Notice (8): Undefined variable: step in [APP/views/elements/form_nav.ctp, line 5]
2012-12-30 17:47:54 Notice: Notice (8): Undefined variable: step in [APP/views/elements/form_nav.ctp, line 5]
2012-12-30 17:48:13 Notice: Notice (8): Undefined variable: step in [APP/views/elements/form_nav.ctp, line 5]
2012-12-30 17:48:16 Notice: Notice (8): Undefined variable: step in [APP/views/elements/form_nav.ctp, line 5]
2012-12-30 17:49:01 Notice: Notice (8): Undefined variable: step in [APP/views/elements/form_nav.ctp, line 5]
2012-12-30 17:49:27 Notice: Notice (8): Undefined variable: step in [APP/views/elements/form_nav.ctp, line 5]
2012-12-30 17:50:00 Notice: Notice (8): Undefined variable: step in [APP/views/elements/form_nav.ctp, line 5]
2012-12-30 17:50:55 Notice: Notice (8): Undefined variable: step in [APP/views/elements/form_nav.ctp, line 5]
2012-12-30 17:51:19 Notice: Notice (8): Undefined variable: step in [APP/views/elements/form_nav.ctp, line 5]
2012-12-30 17:55:40 Notice: Notice (8): Undefined variable: step in [APP/views/elements/form_nav.ctp, line 5]
2012-12-30 18:00:34 Notice: Notice (8): Undefined variable: step in [APP/views/elements/form_nav.ctp, line 5]
2012-12-30 18:16:33 Notice: Notice (8): Undefined variable: step in [APP/views/elements/form_nav.ctp, line 5]
2012-12-30 18:17:09 Notice: Notice (8): Undefined variable: step in [APP/views/elements/form_nav.ctp, line 5]
2012-12-31 13:02:40 Notice: Notice (8): Undefined variable: radioOptions in [CORE/cake/libs/view/helpers/form.php, line 881]
2012-12-31 13:02:53 Notice: Notice (8): Undefined variable: radioOptions in [CORE/cake/libs/view/helpers/form.php, line 881]
2012-12-31 13:03:22 Notice: Notice (8): Undefined variable: radioOptions in [CORE/cake/libs/view/helpers/form.php, line 881]
2012-12-31 15:17:58 Notice: Notice (8): Undefined variable: radioOptions in [CORE/cake/libs/view/helpers/form.php, line 881]
2013-01-02 17:29:31 Notice: Notice (8): Undefined variable: emptyData in [APP/controllers/reports_controller.php, line 24]
2013-01-02 17:29:31 Notice: Notice (8): Undefined variable: emptyData in [APP/controllers/reports_controller.php, line 25]
2013-01-02 19:51:50 Notice: Notice (8): Undefined variable: emptyData in [APP/controllers/reports_controller.php, line 24]
2013-01-02 19:51:50 Notice: Notice (8): Undefined variable: emptyData in [APP/controllers/reports_controller.php, line 25]
2013-01-02 19:51:51 Notice: Notice (8): Undefined index:   in [APP/views/reports/admin_index.ctp, line 54]
2013-01-02 19:52:04 Notice: Notice (8): Undefined variable: emptyData in [APP/controllers/reports_controller.php, line 24]
2013-01-02 19:52:04 Notice: Notice (8): Undefined variable: emptyData in [APP/controllers/reports_controller.php, line 25]
2013-01-02 19:52:04 Notice: Notice (8): Undefined index:   in [APP/views/reports/admin_index.ctp, line 54]
2013-01-02 19:52:45 Notice: Notice (8): Undefined variable: emptyData in [APP/controllers/reports_controller.php, line 24]
2013-01-02 19:52:45 Notice: Notice (8): Undefined variable: emptyData in [APP/controllers/reports_controller.php, line 25]
2013-01-02 19:52:45 Notice: Notice (8): Undefined index:   in [APP/views/reports/admin_index.ctp, line 54]
2013-01-02 19:52:55 Notice: Notice (8): Undefined variable: emptyData in [APP/controllers/reports_controller.php, line 24]
2013-01-02 19:52:55 Notice: Notice (8): Undefined variable: emptyData in [APP/controllers/reports_controller.php, line 25]
2013-01-02 19:52:55 Notice: Notice (8): Undefined index:   in [APP/views/reports/admin_index.ctp, line 54]
2013-01-02 19:53:48 Notice: Notice (8): Undefined index:   in [APP/views/reports/admin_index.ctp, line 54]
2013-01-02 19:55:48 Notice: Notice (8): Undefined index:   in [APP/views/reports/admin_index.ctp, line 52]
2013-01-04 09:54:48 Notice: Notice (8): Undefined index:   in [APP/views/reports/admin_index.ctp, line 52]
2013-01-04 10:15:44 Notice: Notice (8): Undefined index:   in [APP/views/reports/admin_index.ctp, line 52]
2013-01-07 12:09:10 Notice: Notice (8): Undefined variable: form_step in [APP/controllers/reports_controller.php, line 51]
2013-01-07 12:09:33 Notice: Notice (8): Undefined variable: form_step in [APP/controllers/reports_controller.php, line 51]
2013-01-07 15:15:34 Notice: Notice (8): Undefined index:   in [APP/views/reports/admin_index.ctp, line 50]
2013-01-07 15:15:39 Notice: Notice (8): Undefined index:   in [APP/views/reports/admin_index.ctp, line 50]
2013-01-07 15:15:44 Notice: Notice (8): Undefined index:   in [APP/views/reports/admin_index.ctp, line 50]
2013-01-07 15:26:19 Notice: Notice (8): Undefined index:   in [APP/views/reports/admin_index.ctp, line 51]
2013-01-07 16:13:39 Notice: Notice (8): Undefined index:  u_vendidas in [APP/views/reports/admin_index.ctp, line 52]
2013-01-08 18:08:13 Notice: Notice (8): Undefined property: View::$report_types in [APP/views/reports/admin_index.ctp, line 49]
2013-01-08 18:08:20 Notice: Notice (8): Undefined property: View::$report_types in [APP/views/reports/admin_index.ctp, line 49]
2013-01-09 12:53:45 Notice: Notice (8): Undefined property: View::$report_types in [APP/views/reports/admin_index.ctp, line 50]
2013-01-09 12:53:49 Notice: Notice (8): Undefined property: View::$report_types in [APP/views/reports/admin_index.ctp, line 50]
2013-01-09 12:53:51 Notice: Notice (8): Undefined property: View::$report_types in [APP/views/reports/admin_index.ctp, line 50]
2013-01-09 12:54:28 Notice: Notice (8): Undefined property: View::$report_types in [APP/views/reports/admin_index.ctp, line 50]
2013-01-09 13:48:48 Notice: Notice (8): Undefined variable: json in [APP/views/reports/admin_index.ctp, line 48]
2013-01-09 13:48:53 Notice: Notice (8): Undefined variable: json in [APP/views/reports/admin_index.ctp, line 48]
2013-01-09 14:29:25 Notice: Notice (8): Use of undefined constant JSON_FORCE_OBJECT - assumed 'JSON_FORCE_OBJECT' in [APP/controllers/reports_controller.php, line 84]
2013-01-14 01:08:38 Notice: Notice (8): Undefined variable: form_step in [APP/views/elements/form_nav.ctp, line 5]
2013-01-14 01:08:38 Notice: Notice (8): Undefined variable: form_step in [APP/views/reports/admin_index.ctp, line 12]
2013-01-14 01:08:38 Notice: Notice (8): Undefined variable: form_step in [APP/views/reports/admin_index.ctp, line 15]
2013-01-14 01:10:13 Notice: Notice (8): Undefined variable: form_step in [APP/views/elements/form_nav.ctp, line 5]
2013-01-14 01:10:13 Notice: Notice (8): Undefined variable: form_step in [APP/views/reports/admin_index.ctp, line 12]
2013-01-14 01:10:13 Notice: Notice (8): Undefined variable: form_step in [APP/views/reports/admin_index.ctp, line 15]
2013-01-14 01:26:37 Notice: Notice (8): Undefined variable: form_step in [APP/views/reports/admin_index.ctp, line 12]
2013-01-14 01:26:37 Notice: Notice (8): Undefined variable: form_step in [APP/views/reports/admin_index.ctp, line 15]
2013-01-14 01:27:57 Notice: Notice (8): Undefined variable: form_step in [APP/views/reports/admin_index.ctp, line 12]
2013-01-14 01:27:57 Notice: Notice (8): Undefined variable: form_step in [APP/views/reports/admin_index.ctp, line 15]
2013-01-14 01:29:02 Notice: Notice (8): Undefined variable: form_step in [APP/views/reports/admin_index.ctp, line 12]
2013-01-14 01:29:02 Notice: Notice (8): Undefined variable: form_step in [APP/views/reports/admin_index.ctp, line 15]
2013-01-14 01:31:38 Notice: Notice (8): Undefined variable: form_step in [APP/views/reports/admin_index.ctp, line 12]
2013-01-14 01:31:38 Notice: Notice (8): Undefined variable: form_step in [APP/views/reports/admin_index.ctp, line 15]
2013-01-14 01:32:36 Notice: Notice (8): Undefined variable: form_step in [APP/views/reports/admin_index.ctp, line 12]
2013-01-14 01:32:36 Notice: Notice (8): Undefined variable: form_step in [APP/views/reports/admin_index.ctp, line 15]
2013-01-14 01:32:40 Notice: Notice (8): Undefined variable: form_step in [APP/views/reports/admin_index.ctp, line 12]
2013-01-14 01:32:40 Notice: Notice (8): Undefined variable: form_step in [APP/views/reports/admin_index.ctp, line 15]
2013-01-14 01:32:42 Notice: Notice (8): Undefined variable: form_step in [APP/views/reports/admin_index.ctp, line 12]
2013-01-14 01:32:42 Notice: Notice (8): Undefined variable: form_step in [APP/views/reports/admin_index.ctp, line 15]
2013-01-14 01:33:13 Notice: Notice (8): Undefined variable: form_step in [APP/views/reports/admin_index.ctp, line 12]
2013-01-14 01:33:13 Notice: Notice (8): Undefined variable: form_step in [APP/views/reports/admin_index.ctp, line 15]
2013-01-14 01:33:16 Notice: Notice (8): Undefined variable: form_step in [APP/views/reports/admin_index.ctp, line 12]
2013-01-14 01:33:16 Notice: Notice (8): Undefined variable: form_step in [APP/views/reports/admin_index.ctp, line 15]
2013-01-14 01:33:18 Notice: Notice (8): Undefined variable: form_step in [APP/views/reports/admin_index.ctp, line 12]
2013-01-14 01:33:18 Notice: Notice (8): Undefined variable: form_step in [APP/views/reports/admin_index.ctp, line 15]
2013-01-14 01:33:20 Notice: Notice (8): Undefined variable: form_step in [APP/views/reports/admin_index.ctp, line 12]
2013-01-14 01:33:20 Notice: Notice (8): Undefined variable: form_step in [APP/views/reports/admin_index.ctp, line 15]
2013-01-14 01:35:39 Notice: Notice (8): Undefined variable: form_step in [APP/views/reports/admin_index.ctp, line 12]
2013-01-14 01:35:39 Notice: Notice (8): Undefined index:   in [APP/views/reports/admin_index.ctp, line 28]
2013-01-14 01:36:43 Notice: Notice (8): Undefined variable: form_step in [APP/views/reports/admin_index.ctp, line 12]
2013-01-14 01:36:46 Notice: Notice (8): Undefined variable: form_step in [APP/views/reports/admin_index.ctp, line 12]
2013-01-14 01:38:24 Notice: Notice (8): Undefined variable: form_step in [APP/views/reports/admin_index.ctp, line 12]
2013-01-14 01:39:21 Notice: Notice (8): Undefined variable: form_step in [APP/views/reports/admin_index.ctp, line 12]
2013-01-14 01:39:39 Notice: Notice (8): Undefined variable: form_step in [APP/views/reports/admin_index.ctp, line 12]
2013-01-14 01:41:04 Notice: Notice (8): Undefined variable: form_step in [APP/views/reports/admin_index.ctp, line 12]
2013-01-14 01:41:28 Notice: Notice (8): Undefined variable: form_step in [APP/views/reports/admin_index.ctp, line 12]
2013-01-14 01:42:14 Notice: Notice (8): Undefined variable: form_step in [APP/views/reports/admin_index.ctp, line 12]
2013-01-14 01:42:36 Notice: Notice (8): Undefined variable: form_step in [APP/views/reports/admin_index.ctp, line 12]
2013-01-14 01:43:10 Notice: Notice (8): Undefined variable: form_step in [APP/views/reports/admin_index.ctp, line 12]
2013-01-14 01:43:42 Notice: Notice (8): Undefined variable: form_step in [APP/views/reports/admin_index.ctp, line 12]
2013-01-14 01:43:58 Notice: Notice (8): Undefined variable: form_step in [APP/views/reports/admin_index.ctp, line 12]
2013-01-14 01:44:08 Notice: Notice (8): Undefined variable: form_step in [APP/views/reports/admin_index.ctp, line 12]
2013-01-14 01:44:13 Notice: Notice (8): Undefined variable: form_step in [APP/views/reports/admin_index.ctp, line 12]
2013-01-14 01:45:50 Notice: Notice (8): Undefined offset:  0 in [APP/views/ajax/form.ctp, line 20]
2013-01-14 01:45:50 Notice: Notice (8): Undefined index:   in [APP/views/ajax/form.ctp, line 20]
2013-01-14 01:47:07 Notice: Notice (8): Undefined offset:  0 in [APP/views/ajax/form.ctp, line 21]
2013-01-14 01:47:07 Notice: Notice (8): Undefined index:   in [APP/views/ajax/form.ctp, line 21]
2013-01-18 19:52:01 Notice: Notice (8): Undefined index:  rango in [APP/controllers/reports_controller.php, line 55]
2013-09-08 23:48:44 Notice: Notice (8): Undefined variable: sitename_for_layout in [APP/views/layouts/default.ctp, line 5]
2013-09-08 23:48:44 Notice: Notice (8): Undefined variable: sitename_for_layout in [APP/views/layouts/default.ctp, line 33]
2013-09-08 23:49:21 Notice: Notice (8): Undefined variable: sitename_for_layout in [APP/views/layouts/default.ctp, line 5]
2013-09-08 23:49:21 Notice: Notice (8): Undefined variable: sitename_for_layout in [APP/views/layouts/default.ctp, line 32]
2013-09-09 09:50:42 Notice: Notice (8): Undefined variable: sitename_for_layout in [APP/views/layouts/default.ctp, line 5]
2013-09-09 09:50:42 Notice: Notice (8): Undefined variable: sitename_for_layout in [APP/views/layouts/default.ctp, line 32]
2013-09-09 09:50:42 Notice: Notice (8): Undefined variable: sitename_for_layout in [APP/views/layouts/default.ctp, line 5]
2013-09-09 09:50:42 Notice: Notice (8): Undefined variable: sitename_for_layout in [APP/views/layouts/default.ctp, line 32]
2013-09-09 09:50:46 Notice: Notice (8): Undefined variable: sitename_for_layout in [APP/views/layouts/default.ctp, line 5]
2013-09-09 09:50:46 Notice: Notice (8): Undefined variable: sitename_for_layout in [APP/views/layouts/default.ctp, line 32]
2013-09-09 09:50:46 Notice: Notice (8): Undefined variable: sitename_for_layout in [APP/views/layouts/default.ctp, line 5]
2013-09-09 09:50:46 Notice: Notice (8): Undefined variable: sitename_for_layout in [APP/views/layouts/default.ctp, line 32]
2013-09-09 09:51:01 Notice: Notice (8): Undefined variable: sitename_for_layout in [APP/views/layouts/default.ctp, line 5]
2013-09-09 09:51:01 Notice: Notice (8): Undefined variable: sitename_for_layout in [APP/views/layouts/default.ctp, line 32]
2013-09-09 09:51:01 Notice: Notice (8): Undefined variable: sitename_for_layout in [APP/views/layouts/default.ctp, line 5]
2013-09-09 09:51:01 Notice: Notice (8): Undefined variable: sitename_for_layout in [APP/views/layouts/default.ctp, line 32]
2013-09-09 09:51:19 Notice: Notice (8): Undefined variable: sitename_for_layout in [APP/views/layouts/default.ctp, line 5]
2013-09-09 09:51:19 Notice: Notice (8): Undefined variable: sitename_for_layout in [APP/views/layouts/default.ctp, line 32]
2013-09-09 09:51:19 Notice: Notice (8): Undefined variable: sitename_for_layout in [APP/views/layouts/default.ctp, line 5]
2013-09-09 09:51:19 Notice: Notice (8): Undefined variable: sitename_for_layout in [APP/views/layouts/default.ctp, line 32]
2013-09-09 10:35:08 Notice: Notice (8): Undefined variable: sitename_for_layout in [APP/views/layouts/default.ctp, line 5]
2013-09-09 10:35:08 Notice: Notice (8): Undefined variable: sitename_for_layout in [APP/views/layouts/default.ctp, line 32]
2013-09-09 10:35:11 Notice: Notice (8): Undefined variable: sitename_for_layout in [APP/views/layouts/default.ctp, line 5]
2013-09-09 10:35:11 Notice: Notice (8): Undefined variable: sitename_for_layout in [APP/views/layouts/default.ctp, line 32]
2013-09-10 00:19:26 Notice: Notice (8): Undefined index:  tipo in [APP/views/banners/admin_index.ctp, line 31]
2013-09-10 00:20:22 Notice: Notice (8): Undefined index:  tipo in [APP/views/banners/admin_index.ctp, line 31]
2013-09-10 00:20:37 Notice: Notice (8): Undefined index:  tipo in [APP/views/banners/admin_index.ctp, line 31]
2013-09-10 00:51:38 Notice: Notice (8): Undefined property: InicioController::$About in [APP/controllers/inicio_controller.php, line 11]
2013-09-10 00:53:10 Notice: Notice (8): Undefined property: InicioController::$About in [APP/controllers/inicio_controller.php, line 11]
2013-09-10 00:53:20 Notice: Notice (8): Undefined variable: sitename_for_layout in [APP/views/layouts/default.ctp, line 5]
2013-09-10 00:53:20 Notice: Notice (8): Undefined variable: sitename_for_layout in [APP/views/layouts/default.ctp, line 32]
2013-09-10 00:53:40 Notice: Notice (8): Undefined variable: sitename_for_layout in [APP/views/layouts/default.ctp, line 5]
2013-09-10 00:53:40 Notice: Notice (8): Undefined variable: sitename_for_layout in [APP/views/layouts/default.ctp, line 32]
2013-09-10 00:54:29 Notice: Notice (8): Undefined variable: sitename_for_layout in [APP/views/layouts/default.ctp, line 5]
2013-09-10 00:54:29 Notice: Notice (8): Undefined variable: sitename_for_layout in [APP/views/layouts/default.ctp, line 32]
2013-09-10 00:54:51 Notice: Notice (8): Undefined index:  tipo in [APP/views/banners/admin_index.ctp, line 31]
2013-09-10 00:57:30 Notice: Notice (8): Undefined variable: sitename_for_layout in [APP/views/layouts/default.ctp, line 5]
2013-09-10 00:57:30 Notice: Notice (8): Undefined variable: sitename_for_layout in [APP/views/layouts/default.ctp, line 32]
2013-09-10 00:59:17 Notice: Notice (8): Undefined variable: sitename_for_layout in [APP/views/layouts/default.ctp, line 5]
2013-09-10 00:59:17 Notice: Notice (8): Undefined variable: sitename_for_layout in [APP/views/layouts/default.ctp, line 32]
2013-09-10 01:00:21 Notice: Notice (8): Undefined variable: sitename_for_layout in [APP/views/layouts/default.ctp, line 5]
2013-09-10 01:00:21 Notice: Notice (8): Undefined variable: sitename_for_layout in [APP/views/layouts/default.ctp, line 32]
2013-09-10 01:00:35 Notice: Notice (8): Undefined variable: sitename_for_layout in [APP/views/layouts/default.ctp, line 5]
2013-09-10 01:00:35 Notice: Notice (8): Undefined variable: sitename_for_layout in [APP/views/layouts/default.ctp, line 32]
2013-09-10 01:07:22 Notice: Notice (8): Undefined variable: sitename_for_layout in [APP/views/layouts/default.ctp, line 5]
2013-09-10 01:07:22 Notice: Notice (8): Undefined variable: sitename_for_layout in [APP/views/layouts/default.ctp, line 32]
2013-09-10 01:14:54 Notice: Notice (8): Undefined variable: sitename_for_layout in [APP/views/layouts/default.ctp, line 5]
2013-09-10 01:14:54 Notice: Notice (8): Undefined variable: sitename_for_layout in [APP/views/layouts/default.ctp, line 32]
2013-09-10 01:27:18 Notice: Notice (8): Undefined variable: sitename_for_layout in [APP/views/layouts/default.ctp, line 5]
2013-09-10 01:27:18 Notice: Notice (8): Undefined variable: sitename_for_layout in [APP/views/layouts/default.ctp, line 32]
2013-09-10 01:27:43 Notice: Notice (8): Undefined variable: sitename_for_layout in [APP/views/layouts/default.ctp, line 5]
2013-09-10 01:27:43 Notice: Notice (8): Undefined variable: sitename_for_layout in [APP/views/layouts/default.ctp, line 32]
2013-09-10 01:44:51 Notice: Notice (8): Undefined variable: key in [APP/views/elements/th.ctp, line 36]
2013-09-10 01:51:32 Notice: Notice (8): Undefined variable: sitename_for_layout in [APP/views/layouts/default.ctp, line 5]
2013-09-10 01:51:32 Notice: Notice (8): Undefined variable: sitename_for_layout in [APP/views/layouts/default.ctp, line 32]
2013-09-10 01:51:32 Notice: Notice (8): Undefined variable: sitename_for_layout in [APP/views/layouts/default.ctp, line 5]
2013-09-10 01:51:32 Notice: Notice (8): Undefined variable: sitename_for_layout in [APP/views/layouts/default.ctp, line 32]
2013-09-10 01:51:32 Notice: Notice (8): Undefined variable: sitename_for_layout in [APP/views/layouts/default.ctp, line 5]
2013-09-10 01:51:32 Notice: Notice (8): Undefined variable: sitename_for_layout in [APP/views/layouts/default.ctp, line 32]
2013-09-10 02:04:55 Notice: Notice (8): Undefined variable: sitename_for_layout in [APP/views/layouts/default.ctp, line 5]
2013-09-10 02:04:55 Notice: Notice (8): Undefined variable: sitename_for_layout in [APP/views/layouts/default.ctp, line 32]
2013-09-10 02:05:56 Notice: Notice (8): Undefined variable: sitename_for_layout in [APP/views/layouts/default.ctp, line 5]
2013-09-10 02:05:56 Notice: Notice (8): Undefined variable: sitename_for_layout in [APP/views/layouts/default.ctp, line 32]
2013-09-10 02:06:03 Notice: Notice (8): Undefined variable: sitename_for_layout in [APP/views/layouts/default.ctp, line 5]
2013-09-10 02:06:03 Notice: Notice (8): Undefined variable: sitename_for_layout in [APP/views/layouts/default.ctp, line 32]
2013-09-10 02:06:12 Notice: Notice (8): Undefined variable: sitename_for_layout in [APP/views/layouts/default.ctp, line 5]
2013-09-10 02:06:12 Notice: Notice (8): Undefined variable: sitename_for_layout in [APP/views/layouts/default.ctp, line 32]
2013-09-10 02:30:43 Notice: Notice (8): Undefined index:  layout in [APP/views/posts/admin_index.ctp, line 27]
2013-09-10 02:31:46 Notice: Notice (8): Undefined index:  layout in [APP/views/posts/admin_index.ctp, line 27]
2013-09-10 21:35:14 Notice: Notice (8): Undefined index:  orden in [APP/controllers/_base/items_controller.php, line 20]
2013-09-10 21:35:25 Notice: Notice (8): Undefined index:  orden in [APP/controllers/_base/items_controller.php, line 20]
2013-09-10 21:38:06 Notice: Notice (8): Undefined index:  orden in [APP/controllers/_base/items_controller.php, line 20]
2013-09-10 21:38:40 Notice: Notice (8): Undefined index:  orden in [APP/controllers/_base/items_controller.php, line 20]
2013-09-10 21:38:55 Notice: Notice (8): Undefined variable: sitename_for_layout in [APP/views/layouts/default.ctp, line 5]
2013-09-10 21:38:55 Notice: Notice (8): Undefined variable: sitename_for_layout in [APP/views/layouts/default.ctp, line 32]
2013-09-10 21:44:47 Notice: Notice (8): Undefined index:  layout in [APP/views/posts/admin_index.ctp, line 27]
2013-09-10 21:45:11 Notice: Notice (8): Undefined index:  layout in [APP/views/posts/admin_index.ctp, line 27]
2013-09-10 21:45:16 Notice: Notice (8): Undefined index:  orden in [APP/controllers/_base/items_controller.php, line 20]
2013-09-10 21:45:43 Notice: Notice (8): Undefined index:  orden in [APP/controllers/_base/items_controller.php, line 20]
2013-09-10 21:46:44 Notice: Notice (8): Undefined index:  orden in [APP/controllers/_base/items_controller.php, line 20]
2013-09-10 21:47:01 Notice: Notice (8): Undefined index:  orden in [APP/controllers/_base/items_controller.php, line 20]
2013-09-10 21:47:28 Notice: Notice (8): Undefined index:  orden in [APP/controllers/_base/items_controller.php, line 20]
2013-09-10 21:48:08 Notice: Notice (8): Undefined index:  orden in [APP/controllers/_base/items_controller.php, line 20]
2013-09-10 21:49:27 Notice: Notice (8): Undefined index:  orden in [APP/controllers/_base/items_controller.php, line 20]
2013-09-10 21:50:06 Notice: Notice (8): Undefined index:  orden in [APP/controllers/_base/items_controller.php, line 20]
2013-09-10 21:50:19 Notice: Notice (8): Undefined index:  orden in [APP/controllers/_base/items_controller.php, line 20]
2013-09-10 21:50:58 Notice: Notice (8): Undefined index:  orden in [APP/controllers/_base/items_controller.php, line 20]
2013-09-10 21:51:23 Notice: Notice (8): Undefined index:  orden in [APP/controllers/_base/items_controller.php, line 20]
2013-09-10 21:51:39 Notice: Notice (8): Undefined index:  orden in [APP/controllers/_base/items_controller.php, line 20]
2013-09-10 21:53:09 Notice: Notice (8): Undefined index:  orden in [APP/controllers/_base/items_controller.php, line 20]
2013-09-10 21:53:56 Notice: Notice (8): Undefined index:  orden in [APP/controllers/_base/items_controller.php, line 20]
2013-09-10 21:54:08 Notice: Notice (8): Undefined index:  orden in [APP/controllers/_base/items_controller.php, line 20]
2013-09-10 21:54:21 Notice: Notice (8): Undefined index:  orden in [APP/controllers/_base/items_controller.php, line 20]
2013-09-10 22:05:06 Notice: Notice (8): Undefined index:  layout in [APP/views/posts/admin_index.ctp, line 27]
2013-09-10 23:16:06 Notice: Notice (8): Undefined index:  Serviceimg in [APP/views/_base/ver.ctp, line 28]
2013-09-11 10:26:51 Notice: Notice (8): Undefined variable: sitename_for_layout in [APP/views/layouts/default.ctp, line 5]
2013-09-11 10:26:51 Notice: Notice (8): Undefined variable: sitename_for_layout in [APP/views/layouts/default.ctp, line 32]
2013-09-11 10:33:08 Notice: Notice (8): Undefined variable: sitename_for_layout in [APP/views/layouts/default.ctp, line 5]
2013-09-11 10:33:08 Notice: Notice (8): Undefined variable: sitename_for_layout in [APP/views/layouts/default.ctp, line 32]
2013-09-11 10:33:24 Notice: Notice (8): Undefined variable: sitename_for_layout in [APP/views/layouts/default.ctp, line 5]
2013-09-11 10:33:24 Notice: Notice (8): Undefined variable: sitename_for_layout in [APP/views/layouts/default.ctp, line 32]
2013-09-11 11:45:11 Notice: Notice (8): Undefined variable: sitename_for_layout in [APP/views/layouts/default.ctp, line 5]
2013-09-11 11:45:11 Notice: Notice (8): Undefined variable: sitename_for_layout in [APP/views/layouts/default.ctp, line 32]
2013-09-11 11:45:48 Notice: Notice (8): Undefined variable: sitename_for_layout in [APP/views/layouts/default.ctp, line 5]
2013-09-11 11:45:48 Notice: Notice (8): Undefined variable: sitename_for_layout in [APP/views/layouts/default.ctp, line 32]
2013-09-11 12:31:15 Notice: Notice (8): Undefined variable: sitename_for_layout in [APP/views/layouts/default.ctp, line 5]
2013-09-11 12:31:15 Notice: Notice (8): Undefined variable: sitename_for_layout in [APP/views/layouts/default.ctp, line 32]
2013-09-11 12:40:48 Notice: Notice (8): Undefined variable: sitename_for_layout in [APP/views/layouts/default.ctp, line 5]
2013-09-11 12:40:48 Notice: Notice (8): Undefined variable: sitename_for_layout in [APP/views/layouts/default.ctp, line 32]
2013-09-11 12:44:57 Notice: Notice (8): Undefined index: tipo in [APP/views/banners/admin_index.ctp, line 31]
2013-09-11 13:38:51 Notice: Notice (8): Undefined index: tipo in [APP/views/banners/admin_index.ctp, line 31]
2013-09-11 13:39:12 Notice: Notice (8): Undefined index: tipo in [APP/views/banners/admin_index.ctp, line 31]
2013-09-11 13:39:35 Notice: Notice (8): Undefined index: tipo in [APP/views/banners/admin_index.ctp, line 31]
2013-09-11 13:40:05 Notice: Notice (8): Undefined index: tipo in [APP/views/banners/admin_index.ctp, line 31]
2013-09-11 13:40:18 Notice: Notice (8): Undefined index: tipo in [APP/views/banners/admin_index.ctp, line 31]
2013-09-11 13:57:47 Notice: Notice (8): Undefined index: layout in [APP/views/posts/admin_index.ctp, line 27]
2013-09-11 13:58:27 Notice: Notice (8): Undefined index: layout in [APP/views/posts/admin_index.ctp, line 27]
2013-09-11 13:58:35 Notice: Notice (8): Undefined index: orden in [APP/controllers/_base/items_controller.php, line 20]
2013-09-11 14:09:14 Notice: Notice (8): Undefined index: Serviceimg in [APP/views/_base/ver.ctp, line 28]
2013-09-11 14:09:17 Notice: Notice (8): Undefined index: Serviceimg in [APP/views/_base/ver.ctp, line 28]
2013-09-11 18:36:36 Notice: Notice (8): Undefined index: orden in [APP/controllers/_base/items_controller.php, line 20]
2013-09-11 18:37:40 Notice: Notice (8): Undefined index: orden in [APP/controllers/_base/items_controller.php, line 20]
2013-09-11 18:40:11 Notice: Notice (8): Undefined index: orden in [APP/controllers/_base/items_controller.php, line 20]
2013-09-12 10:11:48 Notice: Notice (8): Undefined index: orden in [APP/controllers/_base/items_controller.php, line 20]
2013-09-12 10:14:58 Notice: Notice (8): Undefined index: orden in [APP/controllers/_base/items_controller.php, line 20]
2013-09-12 10:21:14 Notice: Notice (8): Undefined index: orden in [APP/controllers/_base/items_controller.php, line 20]
2013-09-12 10:21:49 Notice: Notice (8): Undefined index: layout in [APP/views/posts/admin_index.ctp, line 27]
2013-09-12 10:22:05 Notice: Notice (8): Undefined index: layout in [APP/views/posts/admin_index.ctp, line 27]
2013-09-12 10:23:26 Notice: Notice (8): Undefined index: layout in [APP/views/posts/admin_index.ctp, line 27]
2013-09-12 10:23:43 Notice: Notice (8): Undefined index: orden in [APP/controllers/_base/items_controller.php, line 20]
2013-09-12 10:24:15 Notice: Notice (8): Undefined index: layout in [APP/views/posts/admin_index.ctp, line 27]
2013-09-12 10:24:19 Notice: Notice (8): Undefined index: orden in [APP/controllers/_base/items_controller.php, line 20]
2013-09-12 10:25:37 Notice: Notice (8): Undefined index: orden in [APP/controllers/_base/items_controller.php, line 20]
2013-09-12 10:26:01 Notice: Notice (8): Undefined index: orden in [APP/controllers/_base/items_controller.php, line 20]
2013-09-17 00:41:58 Notice: Notice (8): Undefined index: orden in [APP/controllers/_base/items_controller.php, line 20]
2013-09-17 00:41:59 Notice: Notice (8): Undefined index: orden in [APP/controllers/_base/items_controller.php, line 20]
2013-09-17 00:44:58 Notice: Notice (8): Undefined index: orden in [APP/controllers/_base/items_controller.php, line 20]
2013-11-21 14:10:11 Notice: Notice (8): Undefined index: layout in [APP/views/posts/admin_index.ctp, line 27]
2013-12-17 13:50:08 Notice: Notice (8): Undefined index: Serviceimg in [APP/views/_base/ver.ctp, line 28]
2013-12-17 13:50:36 Notice: Notice (8): Undefined index: Serviceimg in [APP/views/_base/ver.ctp, line 28]
2013-12-17 19:37:25 Notice: Notice (8): Undefined variable: sitename_for_layout in [APP/views/layouts/default.ctp, line 5]
2013-12-17 19:37:25 Notice: Notice (8): Undefined variable: sitename_for_layout in [APP/views/layouts/default.ctp, line 32]
2013-12-18 10:39:49 Notice: Notice (8): Undefined index: Serviceimg in [APP/views/_base/ver.ctp, line 28]
2014-01-02 16:39:06 Notice: Notice (8): Undefined variable: sitename_for_layout in [APP/views/layouts/default.ctp, line 5]
2014-01-02 16:39:06 Notice: Notice (8): Undefined variable: sitename_for_layout in [APP/views/layouts/default.ctp, line 32]
2014-01-02 16:39:28 Notice: Notice (8): Undefined variable: sitename_for_layout in [APP/views/layouts/default.ctp, line 5]
2014-01-02 16:39:28 Notice: Notice (8): Undefined variable: sitename_for_layout in [APP/views/layouts/default.ctp, line 32]
2014-01-02 16:45:41 Notice: Notice (8): Undefined index: orden in [APP/controllers/_base/items_controller.php, line 20]
2014-01-02 16:46:12 Notice: Notice (8): Undefined index: layout in [APP/views/posts/admin_index.ctp, line 27]
2014-01-02 16:46:48 Notice: Notice (8): Undefined index: layout in [APP/views/posts/admin_index.ctp, line 27]
2014-01-02 16:48:25 Notice: Notice (8): Undefined index: layout in [APP/views/posts/admin_index.ctp, line 27]
2014-01-02 16:48:28 Notice: Notice (8): Undefined index: orden in [APP/controllers/_base/items_controller.php, line 20]
2014-01-02 16:48:41 Notice: Notice (8): Undefined index: orden in [APP/controllers/_base/items_controller.php, line 20]
2014-01-02 17:01:44 Notice: Notice (8): Undefined index: tipo in [APP/views/banners/admin_index.ctp, line 31]
2014-01-02 17:02:16 Notice: Notice (8): Undefined index: tipo in [APP/views/banners/admin_index.ctp, line 31]
2014-01-02 17:28:46 Notice: Notice (8): Undefined index: orden in [APP/controllers/_base/items_controller.php, line 20]
2014-01-02 17:28:56 Notice: Notice (8): Undefined index: orden in [APP/controllers/_base/items_controller.php, line 20]
2014-01-02 17:29:02 Notice: Notice (8): Undefined variable: sitename_for_layout in [APP/views/layouts/default.ctp, line 5]
2014-01-02 17:29:02 Notice: Notice (8): Undefined variable: sitename_for_layout in [APP/views/layouts/default.ctp, line 32]
2014-01-02 17:29:13 Notice: Notice (8): Undefined variable: sitename_for_layout in [APP/views/layouts/default.ctp, line 5]
2014-01-02 17:29:13 Notice: Notice (8): Undefined variable: sitename_for_layout in [APP/views/layouts/default.ctp, line 32]
2014-01-02 17:30:09 Notice: Notice (8): Undefined variable: sitename_for_layout in [APP/views/layouts/default.ctp, line 5]
2014-01-02 17:30:09 Notice: Notice (8): Undefined variable: sitename_for_layout in [APP/views/layouts/default.ctp, line 32]
2014-01-02 17:30:14 Notice: Notice (8): Undefined variable: sitename_for_layout in [APP/views/layouts/default.ctp, line 5]
2014-01-02 17:30:14 Notice: Notice (8): Undefined variable: sitename_for_layout in [APP/views/layouts/default.ctp, line 32]
2014-01-02 17:30:17 Notice: Notice (8): Undefined variable: sitename_for_layout in [APP/views/layouts/default.ctp, line 5]
2014-01-02 17:30:17 Notice: Notice (8): Undefined variable: sitename_for_layout in [APP/views/layouts/default.ctp, line 32]
2014-01-02 17:30:17 Notice: Notice (8): Undefined variable: sitename_for_layout in [APP/views/layouts/default.ctp, line 5]
2014-01-02 17:30:17 Notice: Notice (8): Undefined variable: sitename_for_layout in [APP/views/layouts/default.ctp, line 32]
2014-01-02 17:30:21 Notice: Notice (8): Undefined variable: sitename_for_layout in [APP/views/layouts/default.ctp, line 5]
2014-01-02 17:30:21 Notice: Notice (8): Undefined variable: sitename_for_layout in [APP/views/layouts/default.ctp, line 32]
2014-01-02 22:32:23 Notice: Notice (8): Undefined variable: sitename_for_layout in [APP/views/layouts/default.ctp, line 5]
2014-01-02 22:32:23 Notice: Notice (8): Undefined variable: sitename_for_layout in [APP/views/layouts/default.ctp, line 32]
2014-01-03 12:28:01 Notice: Notice (8): Undefined index: orden in [APP/controllers/_base/items_controller.php, line 20]
2014-01-06 08:03:05 Notice: Notice (8): Undefined variable: sitename_for_layout in [/home/mudanz13/public_html/app/views/layouts/default.ctp, line 5]
2014-01-06 08:03:05 Notice: Notice (8): Undefined variable: sitename_for_layout in [/home/mudanz13/public_html/app/views/layouts/default.ctp, line 32]
2014-01-06 08:04:11 Notice: Notice (8): Undefined variable: sitename_for_layout in [/home/mudanz13/public_html/app/views/layouts/default.ctp, line 5]
2014-01-06 08:04:11 Notice: Notice (8): Undefined variable: sitename_for_layout in [/home/mudanz13/public_html/app/views/layouts/default.ctp, line 32]
2014-01-06 08:15:58 Notice: Notice (8): Undefined variable: sitename_for_layout in [APP/views/layouts/default.ctp, line 5]
2014-01-06 08:15:58 Notice: Notice (8): Undefined variable: sitename_for_layout in [APP/views/layouts/default.ctp, line 32]
2014-01-06 09:41:57 Notice: Notice (8): Undefined variable: sitename_for_layout in [APP/views/layouts/default.ctp, line 5]
2014-01-06 09:41:57 Notice: Notice (8): Undefined variable: sitename_for_layout in [APP/views/layouts/default.ctp, line 32]
2014-01-15 18:17:16 Notice: Notice (8): Undefined variable: sitename_for_layout in [APP/views/layouts/default.ctp, line 5]
2014-01-15 18:17:16 Notice: Notice (8): Undefined variable: sitename_for_layout in [APP/views/layouts/default.ctp, line 32]
2014-01-15 20:02:55 Notice: Notice (8): Undefined variable: sitename_for_layout in [APP/views/layouts/default.ctp, line 5]
2014-01-15 20:02:55 Notice: Notice (8): Undefined variable: sitename_for_layout in [APP/views/layouts/default.ctp, line 32]
2014-01-15 20:02:56 Notice: Notice (8): Undefined variable: sitename_for_layout in [APP/views/layouts/default.ctp, line 5]
2014-01-15 20:02:56 Notice: Notice (8): Undefined variable: sitename_for_layout in [APP/views/layouts/default.ctp, line 32]
2014-01-15 20:02:56 Notice: Notice (8): Undefined variable: sitename_for_layout in [APP/views/layouts/default.ctp, line 5]
2014-01-15 20:02:56 Notice: Notice (8): Undefined variable: sitename_for_layout in [APP/views/layouts/default.ctp, line 32]
2014-01-15 21:04:16 Notice: Notice (8): Undefined variable: sitename_for_layout in [APP/views/layouts/default.ctp, line 5]
2014-01-15 21:04:16 Notice: Notice (8): Undefined variable: sitename_for_layout in [APP/views/layouts/default.ctp, line 32]
2014-01-16 02:19:22 Notice: Notice (8): Undefined variable: sitename_for_layout in [APP/views/layouts/default.ctp, line 5]
2014-01-16 02:19:22 Notice: Notice (8): Undefined variable: sitename_for_layout in [APP/views/layouts/default.ctp, line 32]
2014-01-19 16:26:09 Notice: Notice (8): Undefined variable: sitename_for_layout in [APP/views/layouts/default.ctp, line 5]
2014-01-19 16:26:09 Notice: Notice (8): Undefined variable: sitename_for_layout in [APP/views/layouts/default.ctp, line 32]
2014-01-19 16:26:09 Notice: Notice (8): Undefined variable: sitename_for_layout in [APP/views/layouts/default.ctp, line 5]
2014-01-19 16:26:09 Notice: Notice (8): Undefined variable: sitename_for_layout in [APP/views/layouts/default.ctp, line 32]
2014-01-19 16:26:11 Notice: Notice (8): Undefined variable: sitename_for_layout in [APP/views/layouts/default.ctp, line 5]
2014-01-19 16:26:11 Notice: Notice (8): Undefined variable: sitename_for_layout in [APP/views/layouts/default.ctp, line 32]
2014-01-19 16:26:11 Notice: Notice (8): Undefined variable: sitename_for_layout in [APP/views/layouts/default.ctp, line 5]
2014-01-19 16:26:11 Notice: Notice (8): Undefined variable: sitename_for_layout in [APP/views/layouts/default.ctp, line 32]
2014-01-19 16:26:11 Notice: Notice (8): Undefined variable: sitename_for_layout in [APP/views/layouts/default.ctp, line 5]
2014-01-19 16:26:11 Notice: Notice (8): Undefined variable: sitename_for_layout in [APP/views/layouts/default.ctp, line 32]
2014-01-19 16:26:11 Notice: Notice (8): Undefined variable: sitename_for_layout in [APP/views/layouts/default.ctp, line 5]
2014-01-19 16:26:11 Notice: Notice (8): Undefined variable: sitename_for_layout in [APP/views/layouts/default.ctp, line 32]
2014-01-19 16:26:11 Notice: Notice (8): Undefined variable: sitename_for_layout in [APP/views/layouts/default.ctp, line 5]
2014-01-19 16:26:11 Notice: Notice (8): Undefined variable: sitename_for_layout in [APP/views/layouts/default.ctp, line 32]
2014-01-19 16:26:11 Notice: Notice (8): Undefined variable: sitename_for_layout in [APP/views/layouts/default.ctp, line 5]
2014-01-19 16:26:11 Notice: Notice (8): Undefined variable: sitename_for_layout in [APP/views/layouts/default.ctp, line 32]
2014-01-19 16:26:11 Notice: Notice (8): Undefined variable: sitename_for_layout in [APP/views/layouts/default.ctp, line 5]
2014-01-19 16:26:11 Notice: Notice (8): Undefined variable: sitename_for_layout in [APP/views/layouts/default.ctp, line 32]
2014-01-19 16:26:11 Notice: Notice (8): Undefined variable: sitename_for_layout in [APP/views/layouts/default.ctp, line 5]
2014-01-19 16:26:11 Notice: Notice (8): Undefined variable: sitename_for_layout in [APP/views/layouts/default.ctp, line 32]
2014-01-19 16:26:11 Notice: Notice (8): Undefined variable: sitename_for_layout in [APP/views/layouts/default.ctp, line 5]
2014-01-19 16:26:11 Notice: Notice (8): Undefined variable: sitename_for_layout in [APP/views/layouts/default.ctp, line 32]
2014-01-19 16:26:12 Notice: Notice (8): Undefined variable: sitename_for_layout in [APP/views/layouts/default.ctp, line 5]
2014-01-19 16:26:12 Notice: Notice (8): Undefined variable: sitename_for_layout in [APP/views/layouts/default.ctp, line 32]
2014-01-19 16:26:12 Notice: Notice (8): Undefined variable: sitename_for_layout in [APP/views/layouts/default.ctp, line 5]
2014-01-19 16:26:12 Notice: Notice (8): Undefined variable: sitename_for_layout in [APP/views/layouts/default.ctp, line 32]
2014-01-19 16:26:12 Notice: Notice (8): Undefined variable: sitename_for_layout in [APP/views/layouts/default.ctp, line 5]
2014-01-19 16:26:12 Notice: Notice (8): Undefined variable: sitename_for_layout in [APP/views/layouts/default.ctp, line 32]
2014-01-19 16:26:12 Notice: Notice (8): Undefined variable: sitename_for_layout in [APP/views/layouts/default.ctp, line 5]
2014-01-19 16:26:12 Notice: Notice (8): Undefined variable: sitename_for_layout in [APP/views/layouts/default.ctp, line 32]
2014-01-19 16:26:14 Notice: Notice (8): Undefined variable: sitename_for_layout in [APP/views/layouts/default.ctp, line 5]
2014-01-19 16:26:14 Notice: Notice (8): Undefined variable: sitename_for_layout in [APP/views/layouts/default.ctp, line 32]
2014-01-19 16:26:14 Notice: Notice (8): Undefined variable: sitename_for_layout in [APP/views/layouts/default.ctp, line 5]
2014-01-19 16:26:14 Notice: Notice (8): Undefined variable: sitename_for_layout in [APP/views/layouts/default.ctp, line 32]
2014-01-19 16:37:44 Notice: Notice (8): Undefined index: orden in [APP/controllers/_base/items_controller.php, line 20]
2014-01-19 19:28:50 Notice: Notice (8): Undefined index: orden in [APP/controllers/_base/items_controller.php, line 20]
2014-01-19 19:28:59 Notice: Notice (8): Undefined index: orden in [APP/controllers/_base/items_controller.php, line 20]
2014-01-19 19:30:27 Notice: Notice (8): Undefined index: orden in [APP/controllers/_base/items_controller.php, line 20]
2014-01-19 19:30:40 Notice: Notice (8): Undefined index: orden in [APP/controllers/_base/items_controller.php, line 20]
2014-01-19 19:33:33 Notice: Notice (8): Undefined index: orden in [APP/controllers/_base/items_controller.php, line 20]
2014-01-19 19:34:40 Notice: Notice (8): Undefined index: orden in [APP/controllers/_base/items_controller.php, line 20]
2014-01-20 03:17:06 Notice: Notice (8): Undefined index: orden in [APP/controllers/_base/items_controller.php, line 20]
2014-01-20 03:38:15 Notice: Notice (8): Undefined index: orden in [APP/controllers/_base/items_controller.php, line 20]
2014-01-29 17:55:39 Notice: Notice (8): Undefined index: orden in [APP/controllers/_base/items_controller.php, line 20]
2014-01-29 18:59:42 Notice: Notice (8): Undefined index: orden in [APP/controllers/_base/items_controller.php, line 20]
2014-01-31 15:45:15 Notice: Notice (8): Undefined index: orden in [APP/controllers/_base/items_controller.php, line 20]
2014-01-31 15:45:16 Notice: Notice (8): Undefined index: orden in [APP/controllers/_base/items_controller.php, line 20]
