2012-10-01 04:15:35 Resize_error: /Users/Dan/www/__cake/app/webroot/upload/img211283814800.jpg
2012-10-01 04:15:35 Resize_error: /Users/Dan/www/__cake/app/webroot/upload/img211283814800.jpg
2012-10-01 04:15:35 Resize_error: /Users/Dan/www/__cake/app/webroot/
2012-10-01 04:15:35 Resize_error: /Users/Dan/www/__cake/app/webroot/
2012-10-01 04:15:35 Resize_error: /Users/Dan/www/__cake/app/webroot/
2012-10-01 04:15:35 Resize_error: /Users/Dan/www/__cake/app/webroot/
2012-10-01 04:15:35 Resize_error: /Users/Dan/www/__cake/app/webroot/upload/img211283814800.jpg
2012-10-01 04:15:35 Resize_error: /Users/Dan/www/__cake/app/webroot/upload/img211283814800.jpg
2012-10-01 04:15:35 Resize_error: /Users/Dan/www/__cake/app/webroot/upload/img211283814800.jpg
2012-10-01 04:15:35 Resize_error: /Users/Dan/www/__cake/app/webroot/upload/img211283814800.jpg
2012-10-01 04:15:35 Resize_error: /Users/Dan/www/__cake/app/webroot/
2012-10-01 04:15:35 Resize_error: /Users/Dan/www/__cake/app/webroot/
2012-10-01 04:15:35 Resize_error: /Users/Dan/www/__cake/app/webroot/
2012-10-01 04:15:35 Resize_error: /Users/Dan/www/__cake/app/webroot/
2012-10-01 04:15:35 Resize_error: /Users/Dan/www/__cake/app/webroot/
2012-10-01 04:15:35 Resize_error: /Users/Dan/www/__cake/app/webroot/
2012-10-01 04:15:35 Resize_error: /Users/Dan/www/__cake/app/webroot/
2012-10-01 04:15:35 Resize_error: /Users/Dan/www/__cake/app/webroot/
2012-10-01 04:18:58 Resize_error: /Users/Dan/www/__cake/app/webroot/upload/img211283814800.jpg
2012-10-01 04:18:58 Resize_error: /Users/Dan/www/__cake/app/webroot/upload/img211283814800.jpg
2012-10-01 04:18:58 Resize_error: /Users/Dan/www/__cake/app/webroot/
2012-10-01 04:18:58 Resize_error: /Users/Dan/www/__cake/app/webroot/
2012-10-01 04:18:58 Resize_error: /Users/Dan/www/__cake/app/webroot/
2012-10-01 04:18:58 Resize_error: /Users/Dan/www/__cake/app/webroot/
2012-10-01 04:18:58 Resize_error: /Users/Dan/www/__cake/app/webroot/upload/img211283814800.jpg
2012-10-01 04:18:58 Resize_error: /Users/Dan/www/__cake/app/webroot/upload/img211283814800.jpg
2012-10-01 04:18:58 Resize_error: /Users/Dan/www/__cake/app/webroot/upload/img211283814800.jpg
2012-10-01 04:18:58 Resize_error: /Users/Dan/www/__cake/app/webroot/upload/img211283814800.jpg
2012-10-01 04:18:58 Resize_error: /Users/Dan/www/__cake/app/webroot/
2012-10-01 04:18:58 Resize_error: /Users/Dan/www/__cake/app/webroot/
2012-10-01 04:18:58 Resize_error: /Users/Dan/www/__cake/app/webroot/
2012-10-01 04:18:58 Resize_error: /Users/Dan/www/__cake/app/webroot/
2012-10-01 04:18:58 Resize_error: /Users/Dan/www/__cake/app/webroot/
2012-10-01 04:18:58 Resize_error: /Users/Dan/www/__cake/app/webroot/
2012-10-01 04:18:58 Resize_error: /Users/Dan/www/__cake/app/webroot/
2012-10-01 04:18:58 Resize_error: /Users/Dan/www/__cake/app/webroot/
2012-10-01 04:20:51 Resize_error: /Users/Dan/www/__cake/app/webroot/upload/img211283814800.jpg
2012-10-01 04:20:51 Resize_error: /Users/Dan/www/__cake/app/webroot/upload/img211283814800.jpg
2012-10-01 04:20:51 Resize_error: /Users/Dan/www/__cake/app/webroot/
2012-10-01 04:20:51 Resize_error: /Users/Dan/www/__cake/app/webroot/
2012-10-01 04:20:51 Resize_error: /Users/Dan/www/__cake/app/webroot/
2012-10-01 04:20:51 Resize_error: /Users/Dan/www/__cake/app/webroot/
2012-10-01 04:20:51 Resize_error: /Users/Dan/www/__cake/app/webroot/upload/img211283814800.jpg
2012-10-01 04:20:51 Resize_error: /Users/Dan/www/__cake/app/webroot/upload/img211283814800.jpg
2012-10-01 04:20:51 Resize_error: /Users/Dan/www/__cake/app/webroot/upload/img211283814800.jpg
2012-10-01 04:20:51 Resize_error: /Users/Dan/www/__cake/app/webroot/upload/img211283814800.jpg
2012-10-01 04:20:51 Resize_error: /Users/Dan/www/__cake/app/webroot/
2012-10-01 04:20:51 Resize_error: /Users/Dan/www/__cake/app/webroot/
2012-10-01 04:20:51 Resize_error: /Users/Dan/www/__cake/app/webroot/
2012-10-01 04:20:51 Resize_error: /Users/Dan/www/__cake/app/webroot/
2012-10-01 04:20:51 Resize_error: /Users/Dan/www/__cake/app/webroot/
2012-10-01 04:20:51 Resize_error: /Users/Dan/www/__cake/app/webroot/
2012-10-01 04:20:51 Resize_error: /Users/Dan/www/__cake/app/webroot/
2012-10-01 04:20:51 Resize_error: /Users/Dan/www/__cake/app/webroot/
2012-10-01 04:22:38 Resize_error: /Users/Dan/www/__cake/app/webroot/upload/img211283814800.jpg
2012-10-01 04:22:38 Resize_error: /Users/Dan/www/__cake/app/webroot/upload/img211283814800.jpg
2012-10-01 04:22:38 Resize_error: /Users/Dan/www/__cake/app/webroot/
2012-10-01 04:22:38 Resize_error: /Users/Dan/www/__cake/app/webroot/
2012-10-01 04:22:38 Resize_error: /Users/Dan/www/__cake/app/webroot/
2012-10-01 04:22:38 Resize_error: /Users/Dan/www/__cake/app/webroot/
2012-10-01 04:22:38 Resize_error: /Users/Dan/www/__cake/app/webroot/upload/img211283814800.jpg
2012-10-01 04:22:38 Resize_error: /Users/Dan/www/__cake/app/webroot/upload/img211283814800.jpg
2012-10-01 04:22:38 Resize_error: /Users/Dan/www/__cake/app/webroot/upload/img211283814800.jpg
2012-10-01 04:22:38 Resize_error: /Users/Dan/www/__cake/app/webroot/upload/img211283814800.jpg
2012-10-01 04:22:38 Resize_error: /Users/Dan/www/__cake/app/webroot/
2012-10-01 04:22:38 Resize_error: /Users/Dan/www/__cake/app/webroot/
2012-10-01 04:22:38 Resize_error: /Users/Dan/www/__cake/app/webroot/
2012-10-01 04:22:38 Resize_error: /Users/Dan/www/__cake/app/webroot/
2012-10-01 04:22:38 Resize_error: /Users/Dan/www/__cake/app/webroot/
2012-10-01 04:22:38 Resize_error: /Users/Dan/www/__cake/app/webroot/
2012-10-01 04:22:38 Resize_error: /Users/Dan/www/__cake/app/webroot/
2012-10-01 04:22:38 Resize_error: /Users/Dan/www/__cake/app/webroot/
2012-10-01 04:24:02 Resize_error: /Users/Dan/www/__cake/app/webroot/upload/img211283814800.jpg
2012-10-01 04:24:02 Resize_error: /Users/Dan/www/__cake/app/webroot/upload/img211283814800.jpg
2012-10-01 04:24:02 Resize_error: /Users/Dan/www/__cake/app/webroot/
2012-10-01 04:24:02 Resize_error: /Users/Dan/www/__cake/app/webroot/
2012-10-01 04:24:02 Resize_error: /Users/Dan/www/__cake/app/webroot/
2012-10-01 04:24:02 Resize_error: /Users/Dan/www/__cake/app/webroot/
2012-10-01 04:24:02 Resize_error: /Users/Dan/www/__cake/app/webroot/upload/img211283814800.jpg
2012-10-01 04:24:02 Resize_error: /Users/Dan/www/__cake/app/webroot/upload/img211283814800.jpg
2012-10-01 04:24:02 Resize_error: /Users/Dan/www/__cake/app/webroot/upload/img211283814800.jpg
2012-10-01 04:24:02 Resize_error: /Users/Dan/www/__cake/app/webroot/upload/img211283814800.jpg
2012-10-01 04:24:02 Resize_error: /Users/Dan/www/__cake/app/webroot/
2012-10-01 04:24:02 Resize_error: /Users/Dan/www/__cake/app/webroot/
2012-10-01 04:24:02 Resize_error: /Users/Dan/www/__cake/app/webroot/
2012-10-01 04:24:02 Resize_error: /Users/Dan/www/__cake/app/webroot/
2012-10-01 04:24:02 Resize_error: /Users/Dan/www/__cake/app/webroot/
2012-10-01 04:24:02 Resize_error: /Users/Dan/www/__cake/app/webroot/
2012-10-01 04:24:02 Resize_error: /Users/Dan/www/__cake/app/webroot/
2012-10-01 04:24:02 Resize_error: /Users/Dan/www/__cake/app/webroot/
2012-10-01 04:24:33 Resize_error: /Users/Dan/www/__cake/app/webroot/upload/img211283814800.jpg
2012-10-01 04:24:33 Resize_error: /Users/Dan/www/__cake/app/webroot/upload/img211283814800.jpg
2012-10-01 04:24:33 Resize_error: /Users/Dan/www/__cake/app/webroot/
2012-10-01 04:24:33 Resize_error: /Users/Dan/www/__cake/app/webroot/
2012-10-01 04:24:33 Resize_error: /Users/Dan/www/__cake/app/webroot/
2012-10-01 04:24:33 Resize_error: /Users/Dan/www/__cake/app/webroot/
2012-10-01 04:24:33 Resize_error: /Users/Dan/www/__cake/app/webroot/upload/img211283814800.jpg
2012-10-01 04:24:33 Resize_error: /Users/Dan/www/__cake/app/webroot/upload/img211283814800.jpg
2012-10-01 04:24:33 Resize_error: /Users/Dan/www/__cake/app/webroot/upload/img211283814800.jpg
2012-10-01 04:24:33 Resize_error: /Users/Dan/www/__cake/app/webroot/upload/img211283814800.jpg
2012-10-01 04:24:33 Resize_error: /Users/Dan/www/__cake/app/webroot/
2012-10-01 04:24:33 Resize_error: /Users/Dan/www/__cake/app/webroot/
2012-10-01 04:24:33 Resize_error: /Users/Dan/www/__cake/app/webroot/
2012-10-01 04:24:33 Resize_error: /Users/Dan/www/__cake/app/webroot/
2012-10-01 04:24:33 Resize_error: /Users/Dan/www/__cake/app/webroot/
2012-10-01 04:24:33 Resize_error: /Users/Dan/www/__cake/app/webroot/
2012-10-01 04:24:33 Resize_error: /Users/Dan/www/__cake/app/webroot/
2012-10-01 04:24:33 Resize_error: /Users/Dan/www/__cake/app/webroot/
2012-10-01 04:25:29 Resize_error: /Users/Dan/www/__cake/app/webroot/upload/img211283814800.jpg
2012-10-01 04:25:29 Resize_error: /Users/Dan/www/__cake/app/webroot/upload/img211283814800.jpg
2012-10-01 04:25:29 Resize_error: /Users/Dan/www/__cake/app/webroot/upload/img211283814800.jpg
2012-10-01 04:25:29 Resize_error: /Users/Dan/www/__cake/app/webroot/upload/img211283814800.jpg
2012-10-01 04:25:29 Resize_error: /Users/Dan/www/__cake/app/webroot/upload/img211283814800.jpg
2012-10-01 04:25:29 Resize_error: /Users/Dan/www/__cake/app/webroot/upload/img211283814800.jpg
2012-10-01 04:26:16 Resize_error: /Users/Dan/www/__cake/app/webroot/upload/img211283814800.jpg
2012-10-01 04:26:16 Resize_error: /Users/Dan/www/__cake/app/webroot/upload/img211283814800.jpg
2012-10-01 04:26:16 Resize_error: /Users/Dan/www/__cake/app/webroot/upload/img211283814800.jpg
2012-10-01 04:26:16 Resize_error: /Users/Dan/www/__cake/app/webroot/upload/img211283814800.jpg
2012-10-01 04:26:16 Resize_error: /Users/Dan/www/__cake/app/webroot/upload/img211283814800.jpg
2012-10-01 04:26:16 Resize_error: /Users/Dan/www/__cake/app/webroot/upload/img211283814800.jpg
2012-12-26 15:46:43 Resize_error: /Users/Dan/www/__cake/app/webroot/upload/img061283793508.jpg
2012-12-26 15:46:43 Resize_error: /Users/Dan/www/__cake/app/webroot/upload/img061283538414.jpg
2012-12-26 15:46:43 Resize_error: /Users/Dan/www/__cake/app/webroot/upload/img13.jpg
2013-09-11 09:31:01 Resize_error: Array
(
    [0] => upload/02124_tuscansunsetmondaymay25th2009_1600x1200.jpg
    [1] => Array
        (
            [w] => 
            [h] => 
            [fill] => 
            [pad] => 
            [aspect] => 1
            [atts] => Array
                (
                    [class] => banner item
                    [alt] => powernote
                )

            [urlonly] => 
        )

)

2013-09-11 09:31:01 Resize_error: Array
(
    [0] => upload/01858_sevenbliss_1920x1080.jpg
    [1] => Array
        (
            [w] => 
            [h] => 
            [fill] => 
            [pad] => 
            [aspect] => 1
            [atts] => Array
                (
                    [class] => banner item
                    [alt] => Test 2
                )

            [urlonly] => 
        )

)

2013-09-11 09:31:01 Resize_error: Array
(
    [0] => upload/01604_irony_1920x1200.jpg
    [1] => Array
        (
            [w] => 
            [h] => 
            [fill] => 
            [pad] => 
            [aspect] => 1
            [atts] => Array
                (
                    [class] => banner item
                    [alt] => Test
                )

            [urlonly] => 
        )

)

2013-09-11 09:31:21 Resize_error: /home/pulsem/public_html/quality/app/webroot/upload/3.jpg
2013-09-11 09:31:21 Resize_error: Array
(
    [0] => upload/02124_tuscansunsetmondaymay25th2009_1600x1200.jpg
    [1] => Array
        (
            [w] => 
            [h] => 
            [fill] => 
            [pad] => 
            [aspect] => 1
            [atts] => Array
                (
                    [class] => banner item
                    [alt] => powernote
                )

            [urlonly] => 
        )

)

2013-09-11 09:31:21 Resize_error: Array
(
    [0] => upload/01858_sevenbliss_1920x1080.jpg
    [1] => Array
        (
            [w] => 
            [h] => 
            [fill] => 
            [pad] => 
            [aspect] => 1
            [atts] => Array
                (
                    [class] => banner item
                    [alt] => Test 2
                )

            [urlonly] => 
        )

)

2013-09-11 09:31:21 Resize_error: Array
(
    [0] => upload/01604_irony_1920x1200.jpg
    [1] => Array
        (
            [w] => 
            [h] => 
            [fill] => 
            [pad] => 
            [aspect] => 1
            [atts] => Array
                (
                    [class] => banner item
                    [alt] => Test
                )

            [urlonly] => 
        )

)

2013-09-11 09:31:23 Resize_error: Array
(
    [0] => upload/02124_tuscansunsetmondaymay25th2009_1600x1200.jpg
    [1] => Array
        (
            [w] => 
            [h] => 
            [fill] => 
            [pad] => 
            [aspect] => 1
            [atts] => Array
                (
                    [class] => banner item
                    [alt] => powernote
                )

            [urlonly] => 
        )

)

2013-09-11 09:31:23 Resize_error: Array
(
    [0] => upload/01858_sevenbliss_1920x1080.jpg
    [1] => Array
        (
            [w] => 
            [h] => 
            [fill] => 
            [pad] => 
            [aspect] => 1
            [atts] => Array
                (
                    [class] => banner item
                    [alt] => Test 2
                )

            [urlonly] => 
        )

)

2013-09-11 09:31:23 Resize_error: Array
(
    [0] => upload/01604_irony_1920x1200.jpg
    [1] => Array
        (
            [w] => 
            [h] => 
            [fill] => 
            [pad] => 
            [aspect] => 1
            [atts] => Array
                (
                    [class] => banner item
                    [alt] => Test
                )

            [urlonly] => 
        )

)

2013-09-11 09:32:40 Resize_error: Array
(
    [0] => upload/02124_tuscansunsetmondaymay25th2009_1600x1200.jpg
    [1] => Array
        (
            [w] => 
            [h] => 
            [fill] => 
            [pad] => 
            [aspect] => 1
            [atts] => Array
                (
                    [class] => banner item
                    [alt] => powernote
                )

            [urlonly] => 
        )

)

2013-09-11 09:32:40 Resize_error: Array
(
    [0] => upload/01858_sevenbliss_1920x1080.jpg
    [1] => Array
        (
            [w] => 
            [h] => 
            [fill] => 
            [pad] => 
            [aspect] => 1
            [atts] => Array
                (
                    [class] => banner item
                    [alt] => Test 2
                )

            [urlonly] => 
        )

)

2013-09-11 09:32:40 Resize_error: Array
(
    [0] => upload/01604_irony_1920x1200.jpg
    [1] => Array
        (
            [w] => 
            [h] => 
            [fill] => 
            [pad] => 
            [aspect] => 1
            [atts] => Array
                (
                    [class] => banner item
                    [alt] => Test
                )

            [urlonly] => 
        )

)

2013-09-11 09:33:30 Resize_error: Array
(
    [0] => upload/02124_tuscansunsetmondaymay25th2009_1600x1200.jpg
    [1] => Array
        (
            [w] => 
            [h] => 
            [fill] => 
            [pad] => 
            [aspect] => 1
            [atts] => Array
                (
                    [class] => banner item
                    [alt] => powernote
                )

            [urlonly] => 
        )

)

2013-09-11 09:33:30 Resize_error: Array
(
    [0] => upload/01858_sevenbliss_1920x1080.jpg
    [1] => Array
        (
            [w] => 
            [h] => 
            [fill] => 
            [pad] => 
            [aspect] => 1
            [atts] => Array
                (
                    [class] => banner item
                    [alt] => Test 2
                )

            [urlonly] => 
        )

)

2013-09-11 09:33:30 Resize_error: Array
(
    [0] => upload/01604_irony_1920x1200.jpg
    [1] => Array
        (
            [w] => 
            [h] => 
            [fill] => 
            [pad] => 
            [aspect] => 1
            [atts] => Array
                (
                    [class] => banner item
                    [alt] => Test
                )

            [urlonly] => 
        )

)

2013-09-11 09:35:57 Resize_error: Array
(
    [0] => upload/02124_tuscansunsetmondaymay25th2009_1600x1200.jpg
    [1] => Array
        (
            [w] => 
            [h] => 
            [fill] => 
            [pad] => 
            [aspect] => 1
            [atts] => Array
                (
                    [class] => banner item
                    [alt] => powernote
                )

            [urlonly] => 
        )

)

2013-09-11 09:35:57 Resize_error: Array
(
    [0] => upload/01858_sevenbliss_1920x1080.jpg
    [1] => Array
        (
            [w] => 
            [h] => 
            [fill] => 
            [pad] => 
            [aspect] => 1
            [atts] => Array
                (
                    [class] => banner item
                    [alt] => Test 2
                )

            [urlonly] => 
        )

)

2013-09-11 09:35:57 Resize_error: Array
(
    [0] => upload/01604_irony_1920x1200.jpg
    [1] => Array
        (
            [w] => 
            [h] => 
            [fill] => 
            [pad] => 
            [aspect] => 1
            [atts] => Array
                (
                    [class] => banner item
                    [alt] => Test
                )

            [urlonly] => 
        )

)

2013-09-11 09:41:46 Resize_error: Array
(
    [0] => upload/02124_tuscansunsetmondaymay25th2009_1600x1200.jpg
    [1] => Array
        (
            [w] => 
            [h] => 
            [fill] => 
            [pad] => 
            [aspect] => 1
            [atts] => Array
                (
                    [class] => banner item
                    [alt] => powernote
                )

            [urlonly] => 
        )

)

2013-09-11 09:41:46 Resize_error: Array
(
    [0] => upload/01858_sevenbliss_1920x1080.jpg
    [1] => Array
        (
            [w] => 
            [h] => 
            [fill] => 
            [pad] => 
            [aspect] => 1
            [atts] => Array
                (
                    [class] => banner item
                    [alt] => Test 2
                )

            [urlonly] => 
        )

)

2013-09-11 09:41:46 Resize_error: Array
(
    [0] => upload/01604_irony_1920x1200.jpg
    [1] => Array
        (
            [w] => 
            [h] => 
            [fill] => 
            [pad] => 
            [aspect] => 1
            [atts] => Array
                (
                    [class] => banner item
                    [alt] => Test
                )

            [urlonly] => 
        )

)

2013-09-11 09:41:55 Resize_error: Array
(
    [0] => upload/02124_tuscansunsetmondaymay25th2009_1600x1200.jpg
    [1] => Array
        (
            [w] => 
            [h] => 
            [fill] => 
            [pad] => 
            [aspect] => 1
            [atts] => Array
                (
                    [class] => banner item
                    [alt] => powernote
                )

            [urlonly] => 
        )

)

2013-09-11 09:41:55 Resize_error: Array
(
    [0] => upload/01858_sevenbliss_1920x1080.jpg
    [1] => Array
        (
            [w] => 
            [h] => 
            [fill] => 
            [pad] => 
            [aspect] => 1
            [atts] => Array
                (
                    [class] => banner item
                    [alt] => Test 2
                )

            [urlonly] => 
        )

)

2013-09-11 09:41:55 Resize_error: Array
(
    [0] => upload/01604_irony_1920x1200.jpg
    [1] => Array
        (
            [w] => 
            [h] => 
            [fill] => 
            [pad] => 
            [aspect] => 1
            [atts] => Array
                (
                    [class] => banner item
                    [alt] => Test
                )

            [urlonly] => 
        )

)

2013-09-11 09:43:15 Resize_error: Array
(
    [0] => upload/02124_tuscansunsetmondaymay25th2009_1600x1200.jpg
    [1] => Array
        (
            [w] => 
            [h] => 
            [fill] => 
            [pad] => 
            [aspect] => 1
            [atts] => Array
                (
                    [class] => banner item
                    [alt] => powernote
                )

            [urlonly] => 
        )

)

2013-09-11 09:43:15 Resize_error: Array
(
    [0] => upload/01858_sevenbliss_1920x1080.jpg
    [1] => Array
        (
            [w] => 
            [h] => 
            [fill] => 
            [pad] => 
            [aspect] => 1
            [atts] => Array
                (
                    [class] => banner item
                    [alt] => Test 2
                )

            [urlonly] => 
        )

)

2013-09-11 09:43:15 Resize_error: Array
(
    [0] => upload/01604_irony_1920x1200.jpg
    [1] => Array
        (
            [w] => 
            [h] => 
            [fill] => 
            [pad] => 
            [aspect] => 1
            [atts] => Array
                (
                    [class] => banner item
                    [alt] => Test
                )

            [urlonly] => 
        )

)

2013-09-11 09:43:22 Resize_error: Array
(
    [0] => upload/02124_tuscansunsetmondaymay25th2009_1600x1200.jpg
    [1] => Array
        (
            [w] => 
            [h] => 
            [fill] => 
            [pad] => 
            [aspect] => 1
            [atts] => Array
                (
                    [class] => banner item
                    [alt] => powernote
                )

            [urlonly] => 
        )

)

2013-09-11 09:43:22 Resize_error: Array
(
    [0] => upload/01858_sevenbliss_1920x1080.jpg
    [1] => Array
        (
            [w] => 
            [h] => 
            [fill] => 
            [pad] => 
            [aspect] => 1
            [atts] => Array
                (
                    [class] => banner item
                    [alt] => Test 2
                )

            [urlonly] => 
        )

)

2013-09-11 09:43:22 Resize_error: Array
(
    [0] => upload/01604_irony_1920x1200.jpg
    [1] => Array
        (
            [w] => 
            [h] => 
            [fill] => 
            [pad] => 
            [aspect] => 1
            [atts] => Array
                (
                    [class] => banner item
                    [alt] => Test
                )

            [urlonly] => 
        )

)

2013-09-11 09:44:07 Resize_error: Array
(
    [0] => upload/02124_tuscansunsetmondaymay25th2009_1600x1200.jpg
    [1] => Array
        (
            [w] => 
            [h] => 
            [fill] => 
            [pad] => 
            [aspect] => 1
            [atts] => Array
                (
                    [class] => banner item
                    [alt] => powernote
                )

            [urlonly] => 
        )

)

2013-09-11 09:44:07 Resize_error: Array
(
    [0] => upload/01858_sevenbliss_1920x1080.jpg
    [1] => Array
        (
            [w] => 
            [h] => 
            [fill] => 
            [pad] => 
            [aspect] => 1
            [atts] => Array
                (
                    [class] => banner item
                    [alt] => Test 2
                )

            [urlonly] => 
        )

)

2013-09-11 09:44:07 Resize_error: Array
(
    [0] => upload/01604_irony_1920x1200.jpg
    [1] => Array
        (
            [w] => 
            [h] => 
            [fill] => 
            [pad] => 
            [aspect] => 1
            [atts] => Array
                (
                    [class] => banner item
                    [alt] => Test
                )

            [urlonly] => 
        )

)

2013-09-11 09:44:14 Resize_error: Array
(
    [0] => upload/02124_tuscansunsetmondaymay25th2009_1600x1200.jpg
    [1] => Array
        (
            [w] => 
            [h] => 
            [fill] => 
            [pad] => 
            [aspect] => 1
            [atts] => Array
                (
                    [class] => banner item
                    [alt] => powernote
                )

            [urlonly] => 
        )

)

2013-09-11 09:44:14 Resize_error: Array
(
    [0] => upload/01858_sevenbliss_1920x1080.jpg
    [1] => Array
        (
            [w] => 
            [h] => 
            [fill] => 
            [pad] => 
            [aspect] => 1
            [atts] => Array
                (
                    [class] => banner item
                    [alt] => Test 2
                )

            [urlonly] => 
        )

)

2013-09-11 09:44:14 Resize_error: Array
(
    [0] => upload/01604_irony_1920x1200.jpg
    [1] => Array
        (
            [w] => 
            [h] => 
            [fill] => 
            [pad] => 
            [aspect] => 1
            [atts] => Array
                (
                    [class] => banner item
                    [alt] => Test
                )

            [urlonly] => 
        )

)

2013-09-11 09:45:06 Resize_error: Array
(
    [0] => upload/02124_tuscansunsetmondaymay25th2009_1600x1200.jpg
    [1] => Array
        (
            [w] => 
            [h] => 
            [fill] => 
            [pad] => 
            [aspect] => 1
            [atts] => Array
                (
                    [class] => banner item
                    [alt] => powernote
                )

            [urlonly] => 
        )

)

2013-09-11 09:45:06 Resize_error: Array
(
    [0] => upload/01858_sevenbliss_1920x1080.jpg
    [1] => Array
        (
            [w] => 
            [h] => 
            [fill] => 
            [pad] => 
            [aspect] => 1
            [atts] => Array
                (
                    [class] => banner item
                    [alt] => Test 2
                )

            [urlonly] => 
        )

)

2013-09-11 09:45:06 Resize_error: Array
(
    [0] => upload/01604_irony_1920x1200.jpg
    [1] => Array
        (
            [w] => 
            [h] => 
            [fill] => 
            [pad] => 
            [aspect] => 1
            [atts] => Array
                (
                    [class] => banner item
                    [alt] => Test
                )

            [urlonly] => 
        )

)

2013-09-11 09:45:54 Resize_error: Array
(
    [0] => upload/02124_tuscansunsetmondaymay25th2009_1600x1200.jpg
    [1] => Array
        (
            [w] => 
            [h] => 
            [fill] => 
            [pad] => 
            [aspect] => 1
            [atts] => Array
                (
                    [class] => banner item
                    [alt] => powernote
                )

            [urlonly] => 
        )

)

2013-09-11 09:45:54 Resize_error: Array
(
    [0] => upload/01858_sevenbliss_1920x1080.jpg
    [1] => Array
        (
            [w] => 
            [h] => 
            [fill] => 
            [pad] => 
            [aspect] => 1
            [atts] => Array
                (
                    [class] => banner item
                    [alt] => Test 2
                )

            [urlonly] => 
        )

)

2013-09-11 09:45:54 Resize_error: Array
(
    [0] => upload/01604_irony_1920x1200.jpg
    [1] => Array
        (
            [w] => 
            [h] => 
            [fill] => 
            [pad] => 
            [aspect] => 1
            [atts] => Array
                (
                    [class] => banner item
                    [alt] => Test
                )

            [urlonly] => 
        )

)

2013-09-11 09:46:18 Resize_error: Array
(
    [0] => upload/02124_tuscansunsetmondaymay25th2009_1600x1200.jpg
    [1] => Array
        (
            [w] => 
            [h] => 
            [fill] => 
            [pad] => 
            [aspect] => 1
            [atts] => Array
                (
                    [class] => banner item
                    [alt] => powernote
                )

            [urlonly] => 
        )

)

2013-09-11 09:46:18 Resize_error: Array
(
    [0] => upload/01858_sevenbliss_1920x1080.jpg
    [1] => Array
        (
            [w] => 
            [h] => 
            [fill] => 
            [pad] => 
            [aspect] => 1
            [atts] => Array
                (
                    [class] => banner item
                    [alt] => Test 2
                )

            [urlonly] => 
        )

)

2013-09-11 09:46:18 Resize_error: Array
(
    [0] => upload/01604_irony_1920x1200.jpg
    [1] => Array
        (
            [w] => 
            [h] => 
            [fill] => 
            [pad] => 
            [aspect] => 1
            [atts] => Array
                (
                    [class] => banner item
                    [alt] => Test
                )

            [urlonly] => 
        )

)

2013-09-11 09:46:27 Resize_error: /home/pulsem/public_html/quality/app/webroot/upload/3.jpg
2013-09-11 09:46:27 Resize_error: Array
(
    [0] => upload/02124_tuscansunsetmondaymay25th2009_1600x1200.jpg
    [1] => Array
        (
            [w] => 
            [h] => 
            [fill] => 
            [pad] => 
            [aspect] => 1
            [atts] => Array
                (
                    [class] => banner item
                    [alt] => powernote
                )

            [urlonly] => 
        )

)

2013-09-11 09:46:27 Resize_error: Array
(
    [0] => upload/01858_sevenbliss_1920x1080.jpg
    [1] => Array
        (
            [w] => 
            [h] => 
            [fill] => 
            [pad] => 
            [aspect] => 1
            [atts] => Array
                (
                    [class] => banner item
                    [alt] => Test 2
                )

            [urlonly] => 
        )

)

2013-09-11 09:46:27 Resize_error: Array
(
    [0] => upload/01604_irony_1920x1200.jpg
    [1] => Array
        (
            [w] => 
            [h] => 
            [fill] => 
            [pad] => 
            [aspect] => 1
            [atts] => Array
                (
                    [class] => banner item
                    [alt] => Test
                )

            [urlonly] => 
        )

)

2013-09-11 09:48:24 Resize_error: /home/pulsem/public_html/quality/app/webroot/upload/3.jpg
2013-09-11 09:48:24 Resize_error: Array
(
    [0] => upload/02124_tuscansunsetmondaymay25th2009_1600x1200.jpg
    [1] => Array
        (
            [w] => 
            [h] => 
            [fill] => 
            [pad] => 
            [aspect] => 1
            [atts] => Array
                (
                    [class] => banner item
                    [alt] => powernote
                )

            [urlonly] => 
        )

)

2013-09-11 09:48:24 Resize_error: Array
(
    [0] => upload/01858_sevenbliss_1920x1080.jpg
    [1] => Array
        (
            [w] => 
            [h] => 
            [fill] => 
            [pad] => 
            [aspect] => 1
            [atts] => Array
                (
                    [class] => banner item
                    [alt] => Test 2
                )

            [urlonly] => 
        )

)

2013-09-11 09:48:24 Resize_error: Array
(
    [0] => upload/01604_irony_1920x1200.jpg
    [1] => Array
        (
            [w] => 
            [h] => 
            [fill] => 
            [pad] => 
            [aspect] => 1
            [atts] => Array
                (
                    [class] => banner item
                    [alt] => Test
                )

            [urlonly] => 
        )

)

2013-09-11 09:49:06 Resize_error: Array
(
    [0] => upload/02124_tuscansunsetmondaymay25th2009_1600x1200.jpg
    [1] => Array
        (
            [w] => 
            [h] => 
            [fill] => 
            [pad] => 
            [aspect] => 1
            [atts] => Array
                (
                    [class] => banner item
                    [alt] => powernote
                )

            [urlonly] => 
        )

)

2013-09-11 09:49:06 Resize_error: Array
(
    [0] => upload/01858_sevenbliss_1920x1080.jpg
    [1] => Array
        (
            [w] => 
            [h] => 
            [fill] => 
            [pad] => 
            [aspect] => 1
            [atts] => Array
                (
                    [class] => banner item
                    [alt] => Test 2
                )

            [urlonly] => 
        )

)

2013-09-11 09:49:06 Resize_error: Array
(
    [0] => upload/01604_irony_1920x1200.jpg
    [1] => Array
        (
            [w] => 
            [h] => 
            [fill] => 
            [pad] => 
            [aspect] => 1
            [atts] => Array
                (
                    [class] => banner item
                    [alt] => Test
                )

            [urlonly] => 
        )

)

2013-09-11 09:49:12 Resize_error: /home/pulsem/public_html/quality/app/webroot/upload/3.jpg
2013-09-11 09:49:12 Resize_error: Array
(
    [0] => upload/02124_tuscansunsetmondaymay25th2009_1600x1200.jpg
    [1] => Array
        (
            [w] => 
            [h] => 
            [fill] => 
            [pad] => 
            [aspect] => 1
            [atts] => Array
                (
                    [class] => banner item
                    [alt] => powernote
                )

            [urlonly] => 
        )

)

2013-09-11 09:49:12 Resize_error: Array
(
    [0] => upload/01858_sevenbliss_1920x1080.jpg
    [1] => Array
        (
            [w] => 
            [h] => 
            [fill] => 
            [pad] => 
            [aspect] => 1
            [atts] => Array
                (
                    [class] => banner item
                    [alt] => Test 2
                )

            [urlonly] => 
        )

)

2013-09-11 09:49:12 Resize_error: Array
(
    [0] => upload/01604_irony_1920x1200.jpg
    [1] => Array
        (
            [w] => 
            [h] => 
            [fill] => 
            [pad] => 
            [aspect] => 1
            [atts] => Array
                (
                    [class] => banner item
                    [alt] => Test
                )

            [urlonly] => 
        )

)

2013-09-11 09:49:15 Resize_error: Array
(
    [0] => upload/02124_tuscansunsetmondaymay25th2009_1600x1200.jpg
    [1] => Array
        (
            [w] => 
            [h] => 
            [fill] => 
            [pad] => 
            [aspect] => 1
            [atts] => Array
                (
                    [class] => banner item
                    [alt] => powernote
                )

            [urlonly] => 
        )

)

2013-09-11 09:49:15 Resize_error: Array
(
    [0] => upload/01858_sevenbliss_1920x1080.jpg
    [1] => Array
        (
            [w] => 
            [h] => 
            [fill] => 
            [pad] => 
            [aspect] => 1
            [atts] => Array
                (
                    [class] => banner item
                    [alt] => Test 2
                )

            [urlonly] => 
        )

)

2013-09-11 09:49:15 Resize_error: Array
(
    [0] => upload/01604_irony_1920x1200.jpg
    [1] => Array
        (
            [w] => 
            [h] => 
            [fill] => 
            [pad] => 
            [aspect] => 1
            [atts] => Array
                (
                    [class] => banner item
                    [alt] => Test
                )

            [urlonly] => 
        )

)

2013-09-11 09:49:17 Resize_error: Array
(
    [0] => upload/02124_tuscansunsetmondaymay25th2009_1600x1200.jpg
    [1] => Array
        (
            [w] => 
            [h] => 
            [fill] => 
            [pad] => 
            [aspect] => 1
            [atts] => Array
                (
                    [class] => banner item
                    [alt] => powernote
                )

            [urlonly] => 
        )

)

2013-09-11 09:49:17 Resize_error: Array
(
    [0] => upload/01858_sevenbliss_1920x1080.jpg
    [1] => Array
        (
            [w] => 
            [h] => 
            [fill] => 
            [pad] => 
            [aspect] => 1
            [atts] => Array
                (
                    [class] => banner item
                    [alt] => Test 2
                )

            [urlonly] => 
        )

)

2013-09-11 09:49:17 Resize_error: Array
(
    [0] => upload/01604_irony_1920x1200.jpg
    [1] => Array
        (
            [w] => 
            [h] => 
            [fill] => 
            [pad] => 
            [aspect] => 1
            [atts] => Array
                (
                    [class] => banner item
                    [alt] => Test
                )

            [urlonly] => 
        )

)

2013-09-11 09:49:19 Resize_error: Array
(
    [0] => upload/02124_tuscansunsetmondaymay25th2009_1600x1200.jpg
    [1] => Array
        (
            [w] => 
            [h] => 
            [fill] => 
            [pad] => 
            [aspect] => 1
            [atts] => Array
                (
                    [class] => banner item
                    [alt] => powernote
                )

            [urlonly] => 
        )

)

2013-09-11 09:49:19 Resize_error: Array
(
    [0] => upload/01858_sevenbliss_1920x1080.jpg
    [1] => Array
        (
            [w] => 
            [h] => 
            [fill] => 
            [pad] => 
            [aspect] => 1
            [atts] => Array
                (
                    [class] => banner item
                    [alt] => Test 2
                )

            [urlonly] => 
        )

)

2013-09-11 09:49:19 Resize_error: Array
(
    [0] => upload/01604_irony_1920x1200.jpg
    [1] => Array
        (
            [w] => 
            [h] => 
            [fill] => 
            [pad] => 
            [aspect] => 1
            [atts] => Array
                (
                    [class] => banner item
                    [alt] => Test
                )

            [urlonly] => 
        )

)

2013-09-11 10:22:59 Resize_error: /home/pulsem/public_html/quality/app/webroot/upload/3.jpg
2013-09-11 10:33:03 Resize_error: /home/pulsem/public_html/quality/app/webroot/upload/3.jpg
2013-09-11 10:33:36 Resize_error: /home/pulsem/public_html/quality/app/webroot/upload/3.jpg
2013-09-11 10:48:18 Resize_error: /home/pulsem/public_html/quality/app/webroot/upload/3.jpg
2013-09-11 10:48:56 Resize_error: /home/pulsem/public_html/quality/app/webroot/upload/3.jpg
2013-09-11 10:50:09 Resize_error: /home/pulsem/public_html/quality/app/webroot/upload/3.jpg
2013-09-11 10:50:21 Resize_error: /home/pulsem/public_html/quality/app/webroot/upload/3.jpg
2013-09-11 10:50:47 Resize_error: /home/pulsem/public_html/quality/app/webroot/upload/3.jpg
2013-09-11 11:00:09 Resize_error: /home/pulsem/public_html/quality/app/webroot/upload/3.jpg
2013-09-11 11:45:38 Resize_error: /home/pulsem/public_html/quality/app/webroot/upload/3.jpg
2013-09-11 11:52:25 Resize_error: /home/pulsem/public_html/quality/app/webroot/upload/3.jpg
2013-09-11 11:52:57 Resize_error: /home/pulsem/public_html/quality/app/webroot/upload/3.jpg
2013-09-11 11:53:14 Resize_error: /home/pulsem/public_html/quality/app/webroot/upload/3.jpg
2013-09-11 12:13:01 Resize_error: /home/pulsem/public_html/quality/app/webroot/upload/3.jpg
2013-09-11 12:13:48 Resize_error: /home/pulsem/public_html/quality/app/webroot/upload/3.jpg
2013-09-11 12:14:02 Resize_error: /home/pulsem/public_html/quality/app/webroot/upload/3.jpg
2013-09-11 12:40:36 Resize_error: /home/pulsem/public_html/quality/app/webroot/upload/3.jpg
